ConcurrentReads:VelocityMBps:BufferSize
1    1.54592e+03    1024
1    2.16087e+03    2048
1    2.55977e+03    4096
1    2.72550e+03    8192
1    2.75495e+03    16384
1    2.83885e+03    32768
1    2.88775e+03    65536
1    2.86902e+03    131072
3    1.48463e+03    1024
3    9.48146e+02    1024
3    9.42843e+02    1024
3    1.83401e+03    2048
3    1.54100e+03    2048
3    1.51216e+03    2048
3    2.03005e+03    4096
3    1.59446e+03    4096
3    1.59143e+03    4096
3    2.16648e+03    8192
3    1.62801e+03    8192
3    1.62651e+03    8192
3    2.19789e+03    16384
3    1.61930e+03    16384
3    1.60574e+03    16384
3    2.27645e+03    32768
3    1.64841e+03    32768
3    1.63054e+03    32768
3    2.24831e+03    65536
3    1.63755e+03    65536
3    1.62080e+03    65536
3    2.26644e+03    131072
3    1.63267e+03    131072
3    1.61975e+03    131072
6    1.19773e+03    1024
6    1.07888e+03    1024
6    9.62917e+02    1024
6    7.42116e+02    1024
6    7.40980e+02    1024
6    7.36561e+02    1024
6    1.04515e+03    2048
6    1.04310e+03    2048
6    1.03132e+03    2048
6    1.01678e+03    2048
6    9.34294e+02    2048
6    9.25032e+02    2048
6    1.26618e+03    4096
6    1.14751e+03    4096
6    1.01079e+03    4096
6    9.88851e+02    4096
6    9.69884e+02    4096
6    9.54084e+02    4096
6    1.24511e+03    8192
6    1.19856e+03    8192
6    1.03645e+03    8192
6    9.85998e+02    8192
6    9.57334e+02    8192
6    9.56228e+02    8192
6    1.26903e+03    16384
6    1.12248e+03    16384
6    1.11015e+03    16384
6    9.88053e+02    16384
6    9.75078e+02    16384
6    9.66444e+02    16384
6    1.26949e+03    32768
6    1.24667e+03    32768
6    1.05987e+03    32768
6    9.97025e+02    32768
6    9.70760e+02    32768
6    9.62841e+02    32768
6    1.21621e+03    65536
6    1.20989e+03    65536
6    1.06382e+03    65536
6    1.01179e+03    65536
6    9.64383e+02    65536
6    9.52165e+02    65536
6    1.12405e+03    131072
6    1.08663e+03    131072
6    1.05857e+03    131072
6    1.03217e+03    131072
6    9.63227e+02    131072
6    9.55195e+02    131072
10    6.76922e+02    1024
10    6.74317e+02    1024
10    6.14938e+02    1024
10    6.13576e+02    1024
10    6.02414e+02    1024
10    5.82756e+02    1024
10    4.84319e+02    1024
10    4.61144e+02    1024
10    4.50180e+02    1024
10    4.37479e+02    1024
10    7.79290e+02    2048
10    6.89866e+02    2048
10    6.69664e+02    2048
10    6.36332e+02    2048
10    6.06213e+02    2048
10    6.02339e+02    2048
10    5.98787e+02    2048
10    5.94848e+02    2048
10    5.87494e+02    2048
10    5.77235e+02    2048
10    7.49685e+02    4096
10    7.40250e+02    4096
10    7.30162e+02    4096
10    7.12203e+02    4096
10    7.07078e+02    4096
10    6.85846e+02    4096
10    5.95333e+02    4096
10    5.90245e+02    4096
10    5.91956e+02    4096
10    5.87144e+02    4096
10    7.60726e+02    8192
10    7.54231e+02    8192
10    6.83442e+02    8192
10    6.75553e+02    8192
10    6.37791e+02    8192
10    6.17936e+02    8192
10    5.96589e+02    8192
10    5.94288e+02    8192
10    5.91492e+02    8192
10    5.91137e+02    8192
10    7.51600e+02    16384
10    6.94985e+02    16384
10    6.58075e+02    16384
10    6.39824e+02    16384
10    6.36688e+02    16384
10    6.13007e+02    16384
10    6.10802e+02    16384
10    6.02732e+02    16384
10    6.00153e+02    16384
10    5.84630e+02    16384
10    7.07594e+02    32768
10    6.67599e+02    32768
10    6.49441e+02    32768
10    6.41564e+02    32768
10    6.25574e+02    32768
10    6.13073e+02    32768
10    6.03983e+02    32768
10    6.02672e+02    32768
10    5.95957e+02    32768
10    5.89113e+02    32768
10    7.29662e+02    65536
10    7.28484e+02    65536
10    6.96758e+02    65536
10    6.98174e+02    65536
10    6.67021e+02    65536
10    6.36426e+02    65536
10    6.09348e+02    65536
10    6.06350e+02    65536
10    5.86400e+02    65536
10    5.84425e+02    65536
10    7.55009e+02    131072
10    6.97168e+02    131072
10    6.85628e+02    131072
10    6.85775e+02    131072
10    6.54689e+02    131072
10    6.49389e+02    131072
10    5.94965e+02    131072
10    5.92320e+02    131072
10    5.87783e+02    131072
10    5.87667e+02    131072
