ConcurrentReads:VelocityMBps:BufferSize
1    9.37387e+01    1024
1    9.58946e+01    2048
1    9.35756e+01    4096
1    9.31668e+01    8192
1    9.51554e+01    16384
1    9.50516e+01    32768
1    9.52214e+01    65536
1    9.49834e+01    131072
3    5.62481e+01    1024
3    1.48187e+01    1024
3    2.03015e+01    1024
3    1.77889e+01    2048
3    3.07229e+01    2048
3    2.92853e+01    2048
3    2.00156e+01    4096
3    2.93306e+01    4096
3    2.31186e+01    4096
3    4.71597e+01    8192
3    1.63373e+01    8192
3    2.30586e+01    8192
3    1.79407e+01    16384
3    3.34140e+01    16384
3    2.21706e+01    16384
3    3.94509e+01    32768
3    1.38437e+01    32768
3    1.87782e+01    32768
3    1.75437e+01    65536
3    3.23249e+01    65536
3    2.16372e+01    65536
3    3.94627e+01    131072
3    3.70272e+01    131072
3    1.77698e+01    131072
6    9.94201e+00    1024
6    9.46748e+00    1024
6    1.01376e+01    1024
6    8.87405e+00    1024
6    8.73815e+00    1024
6    8.70236e+00    1024
6    7.43245e+00    2048
6    7.48922e+00    2048
6    8.16486e+00    2048
6    1.22482e+01    2048
6    1.11863e+01    2048
6    1.17036e+01    2048
6    1.11724e+01    4096
6    9.92712e+00    4096
6    1.09370e+01    4096
6    1.22791e+01    4096
6    1.16234e+01    4096
6    9.85157e+00    4096
6    9.56705e+00    8192
6    8.71678e+00    8192
6    9.83557e+00    8192
6    9.96483e+00    8192
6    1.03622e+01    8192
6    8.86646e+00    8192
6    8.33720e+00    16384
6    8.01276e+00    16384
6    9.13763e+00    16384
6    7.97703e+00    16384
6    8.33143e+00    16384
6    8.45197e+00    16384
6    8.13279e+00    32768
6    7.64418e+00    32768
6    1.44736e+01    32768
6    1.36944e+01    32768
6    1.25986e+01    32768
6    8.98265e+00    32768
6    1.14462e+01    65536
6    1.01220e+01    65536
6    1.18058e+01    65536
6    9.86214e+00    65536
6    1.03610e+01    65536
6    1.02628e+01    65536
6    8.89179e+00    131072
6    7.99317e+00    131072
6    1.54036e+01    131072
6    1.34020e+01    131072
6    9.49812e+00    131072
6    1.42643e+01    131072
10    6.00822e+00    1024
10    5.74779e+00    1024
10    6.30574e+00    1024
10    6.15494e+00    1024
10    6.43633e+00    1024
10    6.19132e+00    1024
10    6.26759e+00    1024
10    6.03548e+00    1024
10    6.06425e+00    1024
10    6.14046e+00    1024
10    5.68765e+00    2048
10    5.28776e+00    2048
10    5.95674e+00    2048
10    5.73830e+00    2048
10    6.12952e+00    2048
10    6.10967e+00    2048
10    6.09412e+00    2048
10    5.80168e+00    2048
10    5.78781e+00    2048
10    6.01751e+00    2048
10    5.79752e+00    4096
10    5.46382e+00    4096
10    6.01037e+00    4096
10    5.73457e+00    4096
10    6.37688e+00    4096
10    6.18653e+00    4096
10    6.36677e+00    4096
10    5.95560e+00    4096
10    6.02032e+00    4096
10    6.16430e+00    4096
10    5.93272e+00    8192
10    5.49203e+00    8192
10    6.12433e+00    8192
10    5.80720e+00    8192
10    6.45196e+00    8192
10    6.27115e+00    8192
10    6.41631e+00    8192
10    5.98615e+00    8192
10    5.84359e+00    8192
10    6.02909e+00    8192
10    5.39086e+00    16384
10    5.18948e+00    16384
10    5.72893e+00    16384
10    5.63971e+00    16384
10    5.84378e+00    16384
10    5.69879e+00    16384
10    5.75098e+00    16384
10    5.56411e+00    16384
10    5.64358e+00    16384
10    5.70576e+00    16384
10    5.65214e+00    32768
10    5.23338e+00    32768
10    5.92867e+00    32768
10    5.66512e+00    32768
10    6.26171e+00    32768
10    6.09911e+00    32768
10    6.25790e+00    32768
10    5.77617e+00    32768
10    5.89789e+00    32768
10    6.04506e+00    32768
10    5.82904e+00    65536
10    5.44716e+00    65536
10    6.13904e+00    65536
10    5.82474e+00    65536
10    6.37602e+00    65536
10    6.17135e+00    65536
10    6.31129e+00    65536
10    5.89293e+00    65536
10    5.99119e+00    65536
10    6.14712e+00    65536
10    5.83578e+00    131072
10    5.43653e+00    131072
10    6.04602e+00    131072
10    5.78132e+00    131072
10    6.68102e+00    131072
10    7.37072e+00    131072
10    6.89964e+00    131072
10    7.28225e+00    131072
10    8.32313e+00    131072
10    7.92636e+00    131072
