cabinet-2-2-19.t2.ucsd.edu
This this the current dir: 
/data8/condor_local/execute/dir_7102
LS to check that all files were transferred: 
_condor_stderr
_condor_stdout
condor_exec.exe
forCondor_stopBabyMaker_74x.tar.gz
wlcg-mjf-job-features
wlcg-rmjf-job-status
x509up_u31589
forCondor_stopBabyMaker_74x/
forCondor_stopBabyMaker_74x/CMSSW_7_4_1_patch1/
forCondor_stopBabyMaker_74x/CMSSW_7_4_1_patch1/objs/
forCondor_stopBabyMaker_74x/CMSSW_7_4_1_patch1/objs/slc6_amd64_gcc491/
forCondor_stopBabyMaker_74x/CMSSW_7_4_1_patch1/lib/
forCondor_stopBabyMaker_74x/CMSSW_7_4_1_patch1/lib/slc6_amd64_gcc491/
forCondor_stopBabyMaker_74x/CMSSW_7_4_1_patch1/config/
forCondor_stopBabyMaker_74x/CMSSW_7_4_1_patch1/config/ChangeLog
forCondor_stopBabyMaker_74x/CMSSW_7_4_1_patch1/config/boot.xml
forCondor_stopBabyMaker_74x/CMSSW_7_4_1_patch1/config/BuildFile.xml
forCondor_stopBabyMaker_74x/CMSSW_7_4_1_patch1/config/fixdocs.sh
forCondor_stopBabyMaker_74x/CMSSW_7_4_1_patch1/config/bootsrc.xml
forCondor_stopBabyMaker_74x/CMSSW_7_4_1_patch1/config/SCRAM/
forCondor_stopBabyMaker_74x/CMSSW_7_4_1_patch1/config/SCRAM/createSymLinks.pl
forCondor_stopBabyMaker_74x/CMSSW_7_4_1_patch1/config/SCRAM/findDependencies.pl
forCondor_stopBabyMaker_74x/CMSSW_7_4_1_patch1/config/SCRAM/linkexternal.pl
forCondor_stopBabyMaker_74x/CMSSW_7_4_1_patch1/config/SCRAM/find-deps-tree.pl
forCondor_stopBabyMaker_74x/CMSSW_7_4_1_patch1/config/SCRAM/GMake/
forCondor_stopBabyMaker_74x/CMSSW_7_4_1_patch1/config/SCRAM/GMake/Makefile.rules
forCondor_stopBabyMaker_74x/CMSSW_7_4_1_patch1/config/SCRAM/GMake/Makefile
forCondor_stopBabyMaker_74x/CMSSW_7_4_1_patch1/config/SCRAM/GMake/Makefile.bigedm.rules
forCondor_stopBabyMaker_74x/CMSSW_7_4_1_patch1/config/SCRAM/projectAreaRename.pl
forCondor_stopBabyMaker_74x/CMSSW_7_4_1_patch1/config/SCRAM/Plugins/
forCondor_stopBabyMaker_74x/CMSSW_7_4_1_patch1/config/SCRAM/Plugins/BuildRules.pm
forCondor_stopBabyMaker_74x/CMSSW_7_4_1_patch1/config/SCRAM/createPyInitFiles.pl
forCondor_stopBabyMaker_74x/CMSSW_7_4_1_patch1/config/SCRAM/updateToolMK.pl
forCondor_stopBabyMaker_74x/CMSSW_7_4_1_patch1/config/SCRAM/EdmPluginVisibility.lds
forCondor_stopBabyMaker_74x/CMSSW_7_4_1_patch1/config/SCRAM/projectInfo.pl
forCondor_stopBabyMaker_74x/CMSSW_7_4_1_patch1/config/config_tag
forCondor_stopBabyMaker_74x/CMSSW_7_4_1_patch1/config/Self.xml
forCondor_stopBabyMaker_74x/CMSSW_7_4_1_patch1/config/genClassesH
forCondor_stopBabyMaker_74x/CMSSW_7_4_1_patch1/config/dxr.config
forCondor_stopBabyMaker_74x/CMSSW_7_4_1_patch1/config/SCRAM_ExtraBuildRule.pm
forCondor_stopBabyMaker_74x/CMSSW_7_4_1_patch1/config/scram_version
forCondor_stopBabyMaker_74x/CMSSW_7_4_1_patch1/config/updateConfig.pl
forCondor_stopBabyMaker_74x/CMSSW_7_4_1_patch1/config/toolbox/
forCondor_stopBabyMaker_74x/CMSSW_7_4_1_patch1/config/toolbox/slc6_amd64_gcc491/
forCondor_stopBabyMaker_74x/CMSSW_7_4_1_patch1/config/toolbox/slc6_amd64_gcc491/tools/
forCondor_stopBabyMaker_74x/CMSSW_7_4_1_patch1/config/toolbox/slc6_amd64_gcc491/tools/selected/
forCondor_stopBabyMaker_74x/CMSSW_7_4_1_patch1/config/toolbox/slc6_amd64_gcc491/tools/selected/rootgpad.xml
forCondor_stopBabyMaker_74x/CMSSW_7_4_1_patch1/config/toolbox/slc6_amd64_gcc491/tools/selected/coral.xml
forCondor_stopBabyMaker_74x/CMSSW_7_4_1_patch1/config/toolbox/slc6_amd64_gcc491/tools/selected/geant4core.xml
forCondor_stopBabyMaker_74x/CMSSW_7_4_1_patch1/config/toolbox/slc6_amd64_gcc491/tools/selected/boost_header.xml
forCondor_stopBabyMaker_74x/CMSSW_7_4_1_patch1/config/toolbox/slc6_amd64_gcc491/tools/selected/hepmc_headers.xml
forCondor_stopBabyMaker_74x/CMSSW_7_4_1_patch1/config/toolbox/slc6_amd64_gcc491/tools/selected/rootpy.xml
forCondor_stopBabyMaker_74x/CMSSW_7_4_1_patch1/config/toolbox/slc6_amd64_gcc491/tools/selected/rootthread.xml
forCondor_stopBabyMaker_74x/CMSSW_7_4_1_patch1/config/toolbox/slc6_amd64_gcc491/tools/selected/rootfoam.xml
forCondor_stopBabyMaker_74x/CMSSW_7_4_1_patch1/config/toolbox/slc6_amd64_gcc491/tools/selected/py2-lint.xml
forCondor_stopBabyMaker_74x/CMSSW_7_4_1_patch1/config/toolbox/slc6_amd64_gcc491/tools/selected/castor.xml
forCondor_stopBabyMaker_74x/CMSSW_7_4_1_patch1/config/toolbox/slc6_amd64_gcc491/tools/selected/oracle.xml
forCondor_stopBabyMaker_74x/CMSSW_7_4_1_patch1/config/toolbox/slc6_amd64_gcc491/tools/selected/pythia8.xml
forCondor_stopBabyMaker_74x/CMSSW_7_4_1_patch1/config/toolbox/slc6_amd64_gcc491/tools/selected/evtgenlhc.xml
forCondor_stopBabyMaker_74x/CMSSW_7_4_1_patch1/config/toolbox/slc6_amd64_gcc491/tools/selected/geant4-parfullcms.xml
forCondor_stopBabyMaker_74x/CMSSW_7_4_1_patch1/config/toolbox/slc6_amd64_gcc491/tools/selected/rootinteractive.xml
forCondor_stopBabyMaker_74x/CMSSW_7_4_1_patch1/config/toolbox/slc6_amd64_gcc491/tools/selected/mpfr.xml
forCondor_stopBabyMaker_74x/CMSSW_7_4_1_patch1/config/toolbox/slc6_amd64_gcc491/tools/selected/gcc-f77compiler.xml
forCondor_stopBabyMaker_74x/CMSSW_7_4_1_patch1/config/toolbox/slc6_amd64_gcc491/tools/selected/rootxml.xml
forCondor_stopBabyMaker_74x/CMSSW_7_4_1_patch1/config/toolbox/slc6_amd64_gcc491/tools/selected/cascade.xml
forCondor_stopBabyMaker_74x/CMSSW_7_4_1_patch1/config/toolbox/slc6_amd64_gcc491/tools/selected/openloops.xml
forCondor_stopBabyMaker_74x/CMSSW_7_4_1_patch1/config/toolbox/slc6_amd64_gcc491/tools/selected/rootgeom.xml
forCondor_stopBabyMaker_74x/CMSSW_7_4_1_patch1/config/toolbox/slc6_amd64_gcc491/tools/selected/cvs2git.xml
forCondor_stopBabyMaker_74x/CMSSW_7_4_1_patch1/config/toolbox/slc6_amd64_gcc491/tools/selected/python.xml
forCondor_stopBabyMaker_74x/CMSSW_7_4_1_patch1/config/toolbox/slc6_amd64_gcc491/tools/selected/python-ldap.xml
forCondor_stopBabyMaker_74x/CMSSW_7_4_1_patch1/config/toolbox/slc6_amd64_gcc491/tools/selected/geant4static.xml
forCondor_stopBabyMaker_74x/CMSSW_7_4_1_patch1/config/toolbox/slc6_amd64_gcc491/tools/selected/boost_python.xml
forCondor_stopBabyMaker_74x/CMSSW_7_4_1_patch1/config/toolbox/slc6_amd64_gcc491/tools/selected/py2-pygments.xml
forCondor_stopBabyMaker_74x/CMSSW_7_4_1_patch1/config/toolbox/slc6_amd64_gcc491/tools/selected/geant4data.xml
forCondor_stopBabyMaker_74x/CMSSW_7_4_1_patch1/config/toolbox/slc6_amd64_gcc491/tools/selected/rivet.xml
forCondor_stopBabyMaker_74x/CMSSW_7_4_1_patch1/config/toolbox/slc6_amd64_gcc491/tools/selected/ccache-cxxcompiler.xml
forCondor_stopBabyMaker_74x/CMSSW_7_4_1_patch1/config/toolbox/slc6_amd64_gcc491/tools/selected/herwig.xml
forCondor_stopBabyMaker_74x/CMSSW_7_4_1_patch1/config/toolbox/slc6_amd64_gcc491/tools/selected/sqlite.xml
forCondor_stopBabyMaker_74x/CMSSW_7_4_1_patch1/config/toolbox/slc6_amd64_gcc491/tools/selected/dcap.xml
forCondor_stopBabyMaker_74x/CMSSW_7_4_1_patch1/config/toolbox/slc6_amd64_gcc491/tools/selected/llvm.xml
forCondor_stopBabyMaker_74x/CMSSW_7_4_1_patch1/config/toolbox/slc6_amd64_gcc491/tools/selected/libjpg.xml
forCondor_stopBabyMaker_74x/CMSSW_7_4_1_patch1/config/toolbox/slc6_amd64_gcc491/tools/selected/sockets.xml
forCondor_stopBabyMaker_74x/CMSSW_7_4_1_patch1/config/toolbox/slc6_amd64_gcc491/tools/selected/vdt.xml
forCondor_stopBabyMaker_74x/CMSSW_7_4_1_patch1/config/toolbox/slc6_amd64_gcc491/tools/selected/xz.xml
forCondor_stopBabyMaker_74x/CMSSW_7_4_1_patch1/config/toolbox/slc6_amd64_gcc491/tools/selected/cython.xml
forCondor_stopBabyMaker_74x/CMSSW_7_4_1_patch1/config/toolbox/slc6_amd64_gcc491/tools/selected/py2-cx-oracle.xml
forCondor_stopBabyMaker_74x/CMSSW_7_4_1_patch1/config/toolbox/slc6_amd64_gcc491/tools/selected/llvm-f77compiler.xml
forCondor_stopBabyMaker_74x/CMSSW_7_4_1_patch1/config/toolbox/slc6_amd64_gcc491/tools/selected/x11.xml
forCondor_stopBabyMaker_74x/CMSSW_7_4_1_patch1/config/toolbox/slc6_amd64_gcc491/tools/selected/llvm-cxxcompiler.xml
forCondor_stopBabyMaker_74x/CMSSW_7_4_1_patch1/config/toolbox/slc6_amd64_gcc491/tools/selected/py2-ipython.xml
forCondor_stopBabyMaker_74x/CMSSW_7_4_1_patch1/config/toolbox/slc6_amd64_gcc491/tools/selected/classlib.xml
forCondor_stopBabyMaker_74x/CMSSW_7_4_1_patch1/config/toolbox/slc6_amd64_gcc491/tools/selected/gdb.xml
forCondor_stopBabyMaker_74x/CMSSW_7_4_1_patch1/config/toolbox/slc6_amd64_gcc491/tools/selected/llvm-analyzer-cxxcompiler.xml
forCondor_stopBabyMaker_74x/CMSSW_7_4_1_patch1/config/toolbox/slc6_amd64_gcc491/tools/selected/file.xml
forCondor_stopBabyMaker_74x/CMSSW_7_4_1_patch1/config/toolbox/slc6_amd64_gcc491/tools/selected/pyqt.xml
forCondor_stopBabyMaker_74x/CMSSW_7_4_1_patch1/config/toolbox/slc6_amd64_gcc491/tools/selected/hector.xml
forCondor_stopBabyMaker_74x/CMSSW_7_4_1_patch1/config/toolbox/slc6_amd64_gcc491/tools/selected/distcc-cxxcompiler.xml
forCondor_stopBabyMaker_74x/CMSSW_7_4_1_patch1/config/toolbox/slc6_amd64_gcc491/tools/selected/photos.xml
forCondor_stopBabyMaker_74x/CMSSW_7_4_1_patch1/config/toolbox/slc6_amd64_gcc491/tools/selected/root.xml
forCondor_stopBabyMaker_74x/CMSSW_7_4_1_patch1/config/toolbox/slc6_amd64_gcc491/tools/selected/graphviz.xml
forCondor_stopBabyMaker_74x/CMSSW_7_4_1_patch1/config/toolbox/slc6_amd64_gcc491/tools/selected/bz2lib.xml
forCondor_stopBabyMaker_74x/CMSSW_7_4_1_patch1/config/toolbox/slc6_amd64_gcc491/tools/selected/libungif.xml
forCondor_stopBabyMaker_74x/CMSSW_7_4_1_patch1/config/toolbox/slc6_amd64_gcc491/tools/selected/cgal.xml
forCondor_stopBabyMaker_74x/CMSSW_7_4_1_patch1/config/toolbox/slc6_amd64_gcc491/tools/selected/pythia6_headers.xml
forCondor_stopBabyMaker_74x/CMSSW_7_4_1_patch1/config/toolbox/slc6_amd64_gcc491/tools/selected/rooteve.xml
forCondor_stopBabyMaker_74x/CMSSW_7_4_1_patch1/config/toolbox/slc6_amd64_gcc491/tools/selected/roothistmatrix.xml
forCondor_stopBabyMaker_74x/CMSSW_7_4_1_patch1/config/toolbox/slc6_amd64_gcc491/tools/selected/hepmc.xml
forCondor_stopBabyMaker_74x/CMSSW_7_4_1_patch1/config/toolbox/slc6_amd64_gcc491/tools/selected/git.xml
forCondor_stopBabyMaker_74x/CMSSW_7_4_1_patch1/config/toolbox/slc6_amd64_gcc491/tools/selected/boost.xml
forCondor_stopBabyMaker_74x/CMSSW_7_4_1_patch1/config/toolbox/slc6_amd64_gcc491/tools/selected/zlib.xml
forCondor_stopBabyMaker_74x/CMSSW_7_4_1_patch1/config/toolbox/slc6_amd64_gcc491/tools/selected/llvm-analyzer-ccompiler.xml
forCondor_stopBabyMaker_74x/CMSSW_7_4_1_patch1/config/toolbox/slc6_amd64_gcc491/tools/selected/herwigpp.xml
forCondor_stopBabyMaker_74x/CMSSW_7_4_1_patch1/config/toolbox/slc6_amd64_gcc491/tools/selected/geant4vis.xml
forCondor_stopBabyMaker_74x/CMSSW_7_4_1_patch1/config/toolbox/slc6_amd64_gcc491/tools/selected/cgalimageio.xml
forCondor_stopBabyMaker_74x/CMSSW_7_4_1_patch1/config/toolbox/slc6_amd64_gcc491/tools/selected/rootmlp.xml
forCondor_stopBabyMaker_74x/CMSSW_7_4_1_patch1/config/toolbox/slc6_amd64_gcc491/tools/selected/roofitcore.xml
forCondor_stopBabyMaker_74x/CMSSW_7_4_1_patch1/config/toolbox/slc6_amd64_gcc491/tools/selected/clhep.xml
forCondor_stopBabyMaker_74x/CMSSW_7_4_1_patch1/config/toolbox/slc6_amd64_gcc491/tools/selected/pyclang.xml
forCondor_stopBabyMaker_74x/CMSSW_7_4_1_patch1/config/toolbox/slc6_amd64_gcc491/tools/selected/jimmy.xml
forCondor_stopBabyMaker_74x/CMSSW_7_4_1_patch1/config/toolbox/slc6_amd64_gcc491/tools/selected/yaml-cpp.xml
forCondor_stopBabyMaker_74x/CMSSW_7_4_1_patch1/config/toolbox/slc6_amd64_gcc491/tools/selected/tkonlinesw.xml
forCondor_stopBabyMaker_74x/CMSSW_7_4_1_patch1/config/toolbox/slc6_amd64_gcc491/tools/selected/gsl.xml
forCondor_stopBabyMaker_74x/CMSSW_7_4_1_patch1/config/toolbox/slc6_amd64_gcc491/tools/selected/rootminuit2.xml
forCondor_stopBabyMaker_74x/CMSSW_7_4_1_patch1/config/toolbox/slc6_amd64_gcc491/tools/selected/qtdesigner.xml
forCondor_stopBabyMaker_74x/CMSSW_7_4_1_patch1/config/toolbox/slc6_amd64_gcc491/tools/selected/cascade_headers.xml
forCondor_stopBabyMaker_74x/CMSSW_7_4_1_patch1/config/toolbox/slc6_amd64_gcc491/tools/selected/py2-pytz.xml
forCondor_stopBabyMaker_74x/CMSSW_7_4_1_patch1/config/toolbox/slc6_amd64_gcc491/tools/selected/rootphysics.xml
forCondor_stopBabyMaker_74x/CMSSW_7_4_1_patch1/config/toolbox/slc6_amd64_gcc491/tools/selected/libpng.xml
forCondor_stopBabyMaker_74x/CMSSW_7_4_1_patch1/config/toolbox/slc6_amd64_gcc491/tools/selected/distcc-f77compiler.xml
forCondor_stopBabyMaker_74x/CMSSW_7_4_1_patch1/config/toolbox/slc6_amd64_gcc491/tools/selected/rootmath.xml
forCondor_stopBabyMaker_74x/CMSSW_7_4_1_patch1/config/toolbox/slc6_amd64_gcc491/tools/selected/openssl.xml
forCondor_stopBabyMaker_74x/CMSSW_7_4_1_patch1/config/toolbox/slc6_amd64_gcc491/tools/selected/ktjet.xml
forCondor_stopBabyMaker_74x/CMSSW_7_4_1_patch1/config/toolbox/slc6_amd64_gcc491/tools/selected/libhepml.xml
forCondor_stopBabyMaker_74x/CMSSW_7_4_1_patch1/config/toolbox/slc6_amd64_gcc491/tools/selected/rootcling.xml
forCondor_stopBabyMaker_74x/CMSSW_7_4_1_patch1/config/toolbox/slc6_amd64_gcc491/tools/selected/tkonlineswdb.xml
forCondor_stopBabyMaker_74x/CMSSW_7_4_1_patch1/config/toolbox/slc6_amd64_gcc491/tools/selected/openldap.xml
forCondor_stopBabyMaker_74x/CMSSW_7_4_1_patch1/config/toolbox/slc6_amd64_gcc491/tools/selected/millepede.xml
forCondor_stopBabyMaker_74x/CMSSW_7_4_1_patch1/config/toolbox/slc6_amd64_gcc491/tools/selected/fastjet-contrib-archive.xml
forCondor_stopBabyMaker_74x/CMSSW_7_4_1_patch1/config/toolbox/slc6_amd64_gcc491/tools/selected/alpgen.xml
forCondor_stopBabyMaker_74x/CMSSW_7_4_1_patch1/config/toolbox/slc6_amd64_gcc491/tools/selected/yoda.xml
forCondor_stopBabyMaker_74x/CMSSW_7_4_1_patch1/config/toolbox/slc6_amd64_gcc491/tools/selected/roofit.xml
forCondor_stopBabyMaker_74x/CMSSW_7_4_1_patch1/config/toolbox/slc6_amd64_gcc491/tools/selected/igprof.xml
forCondor_stopBabyMaker_74x/CMSSW_7_4_1_patch1/config/toolbox/slc6_amd64_gcc491/tools/selected/rootrint.xml
forCondor_stopBabyMaker_74x/CMSSW_7_4_1_patch1/config/toolbox/slc6_amd64_gcc491/tools/selected/qd.xml
forCondor_stopBabyMaker_74x/CMSSW_7_4_1_patch1/config/toolbox/slc6_amd64_gcc491/tools/selected/rootxmlio.xml
forCondor_stopBabyMaker_74x/CMSSW_7_4_1_patch1/config/toolbox/slc6_amd64_gcc491/tools/selected/clhepheader.xml
forCondor_stopBabyMaker_74x/CMSSW_7_4_1_patch1/config/toolbox/slc6_amd64_gcc491/tools/selected/xrootd.xml
forCondor_stopBabyMaker_74x/CMSSW_7_4_1_patch1/config/toolbox/slc6_amd64_gcc491/tools/selected/lhapdf.xml
forCondor_stopBabyMaker_74x/CMSSW_7_4_1_patch1/config/toolbox/slc6_amd64_gcc491/tools/selected/lapack.xml
forCondor_stopBabyMaker_74x/CMSSW_7_4_1_patch1/config/toolbox/slc6_amd64_gcc491/tools/selected/tcmalloc.xml
forCondor_stopBabyMaker_74x/CMSSW_7_4_1_patch1/config/toolbox/slc6_amd64_gcc491/tools/selected/ccache-ccompiler.xml
forCondor_stopBabyMaker_74x/CMSSW_7_4_1_patch1/config/toolbox/slc6_amd64_gcc491/tools/selected/dmtcp.xml
forCondor_stopBabyMaker_74x/CMSSW_7_4_1_patch1/config/toolbox/slc6_amd64_gcc491/tools/selected/libxml2.xml
forCondor_stopBabyMaker_74x/CMSSW_7_4_1_patch1/config/toolbox/slc6_amd64_gcc491/tools/selected/professor.xml
forCondor_stopBabyMaker_74x/CMSSW_7_4_1_patch1/config/toolbox/slc6_amd64_gcc491/tools/selected/toprex.xml
forCondor_stopBabyMaker_74x/CMSSW_7_4_1_patch1/config/toolbox/slc6_amd64_gcc491/tools/selected/boost_program_options.xml
forCondor_stopBabyMaker_74x/CMSSW_7_4_1_patch1/config/toolbox/slc6_amd64_gcc491/tools/selected/boost_filesystem.xml
forCondor_stopBabyMaker_74x/CMSSW_7_4_1_patch1/config/toolbox/slc6_amd64_gcc491/tools/selected/qtbase.xml
forCondor_stopBabyMaker_74x/CMSSW_7_4_1_patch1/config/toolbox/slc6_amd64_gcc491/tools/selected/rootrflx.xml
forCondor_stopBabyMaker_74x/CMSSW_7_4_1_patch1/config/toolbox/slc6_amd64_gcc491/tools/selected/py2-pycurl.xml
forCondor_stopBabyMaker_74x/CMSSW_7_4_1_patch1/config/toolbox/slc6_amd64_gcc491/tools/selected/py2-matplotlib.xml
forCondor_stopBabyMaker_74x/CMSSW_7_4_1_patch1/config/toolbox/slc6_amd64_gcc491/tools/selected/gcc-ccompiler.xml
forCondor_stopBabyMaker_74x/CMSSW_7_4_1_patch1/config/toolbox/slc6_amd64_gcc491/tools/selected/pcre.xml
forCondor_stopBabyMaker_74x/CMSSW_7_4_1_patch1/config/toolbox/slc6_amd64_gcc491/tools/selected/valgrind.xml
forCondor_stopBabyMaker_74x/CMSSW_7_4_1_patch1/config/toolbox/slc6_amd64_gcc491/tools/selected/eigen.xml
forCondor_stopBabyMaker_74x/CMSSW_7_4_1_patch1/config/toolbox/slc6_amd64_gcc491/tools/selected/castor_header.xml
forCondor_stopBabyMaker_74x/CMSSW_7_4_1_patch1/config/toolbox/slc6_amd64_gcc491/tools/selected/libuuid.xml
forCondor_stopBabyMaker_74x/CMSSW_7_4_1_patch1/config/toolbox/slc6_amd64_gcc491/tools/selected/pyminuit2.xml
forCondor_stopBabyMaker_74x/CMSSW_7_4_1_patch1/config/toolbox/slc6_amd64_gcc491/tools/selected/xerces-c.xml
forCondor_stopBabyMaker_74x/CMSSW_7_4_1_patch1/config/toolbox/slc6_amd64_gcc491/tools/selected/boost_iostreams.xml
forCondor_stopBabyMaker_74x/CMSSW_7_4_1_patch1/config/toolbox/slc6_amd64_gcc491/tools/selected/heppdt.xml
forCondor_stopBabyMaker_74x/CMSSW_7_4_1_patch1/config/toolbox/slc6_amd64_gcc491/tools/selected/mctester.xml
forCondor_stopBabyMaker_74x/CMSSW_7_4_1_patch1/config/toolbox/slc6_amd64_gcc491/tools/selected/roottmva.xml
forCondor_stopBabyMaker_74x/CMSSW_7_4_1_patch1/config/toolbox/slc6_amd64_gcc491/tools/selected/rootspectrum.xml
forCondor_stopBabyMaker_74x/CMSSW_7_4_1_patch1/config/toolbox/slc6_amd64_gcc491/tools/selected/dbs-client.xml
forCondor_stopBabyMaker_74x/CMSSW_7_4_1_patch1/config/toolbox/slc6_amd64_gcc491/tools/selected/oracleocci.xml
forCondor_stopBabyMaker_74x/CMSSW_7_4_1_patch1/config/toolbox/slc6_amd64_gcc491/tools/selected/boost_test.xml
forCondor_stopBabyMaker_74x/CMSSW_7_4_1_patch1/config/toolbox/slc6_amd64_gcc491/tools/selected/rootcore.xml
forCondor_stopBabyMaker_74x/CMSSW_7_4_1_patch1/config/toolbox/slc6_amd64_gcc491/tools/selected/gnuplot.xml
forCondor_stopBabyMaker_74x/CMSSW_7_4_1_patch1/config/toolbox/slc6_amd64_gcc491/tools/selected/gcc-cxxcompiler.xml
forCondor_stopBabyMaker_74x/CMSSW_7_4_1_patch1/config/toolbox/slc6_amd64_gcc491/tools/selected/py2-parsimonious.xml
forCondor_stopBabyMaker_74x/CMSSW_7_4_1_patch1/config/toolbox/slc6_amd64_gcc491/tools/selected/fftjet.xml
forCondor_stopBabyMaker_74x/CMSSW_7_4_1_patch1/config/toolbox/slc6_amd64_gcc491/tools/selected/db4.xml
forCondor_stopBabyMaker_74x/CMSSW_7_4_1_patch1/config/toolbox/slc6_amd64_gcc491/tools/selected/fastjet-contrib.xml
forCondor_stopBabyMaker_74x/CMSSW_7_4_1_patch1/config/toolbox/slc6_amd64_gcc491/tools/selected/rootrgl.xml
forCondor_stopBabyMaker_74x/CMSSW_7_4_1_patch1/config/toolbox/slc6_amd64_gcc491/tools/selected/sherpa.xml
forCondor_stopBabyMaker_74x/CMSSW_7_4_1_patch1/config/toolbox/slc6_amd64_gcc491/tools/selected/expat.xml
forCondor_stopBabyMaker_74x/CMSSW_7_4_1_patch1/config/toolbox/slc6_amd64_gcc491/tools/selected/py2-pygithub.xml
forCondor_stopBabyMaker_74x/CMSSW_7_4_1_patch1/config/toolbox/slc6_amd64_gcc491/tools/selected/boost_regex.xml
forCondor_stopBabyMaker_74x/CMSSW_7_4_1_patch1/config/toolbox/slc6_amd64_gcc491/tools/selected/ccache-f77compiler.xml
forCondor_stopBabyMaker_74x/CMSSW_7_4_1_patch1/config/toolbox/slc6_amd64_gcc491/tools/selected/cmssw.xml
forCondor_stopBabyMaker_74x/CMSSW_7_4_1_patch1/config/toolbox/slc6_amd64_gcc491/tools/selected/py2-jinja.xml
forCondor_stopBabyMaker_74x/CMSSW_7_4_1_patch1/config/toolbox/slc6_amd64_gcc491/tools/selected/opengl.xml
forCondor_stopBabyMaker_74x/CMSSW_7_4_1_patch1/config/toolbox/slc6_amd64_gcc491/tools/selected/py2-cjson.xml
forCondor_stopBabyMaker_74x/CMSSW_7_4_1_patch1/config/toolbox/slc6_amd64_gcc491/tools/selected/rootminuit.xml
forCondor_stopBabyMaker_74x/CMSSW_7_4_1_patch1/config/toolbox/slc6_amd64_gcc491/tools/selected/pacparser.xml
forCondor_stopBabyMaker_74x/CMSSW_7_4_1_patch1/config/toolbox/slc6_amd64_gcc491/tools/selected/root_cxxdefaults.xml
forCondor_stopBabyMaker_74x/CMSSW_7_4_1_patch1/config/toolbox/slc6_amd64_gcc491/tools/selected/qt.xml
forCondor_stopBabyMaker_74x/CMSSW_7_4_1_patch1/config/toolbox/slc6_amd64_gcc491/tools/selected/curl.xml
forCondor_stopBabyMaker_74x/CMSSW_7_4_1_patch1/config/toolbox/slc6_amd64_gcc491/tools/selected/boost_signals.xml
forCondor_stopBabyMaker_74x/CMSSW_7_4_1_patch1/config/toolbox/slc6_amd64_gcc491/tools/selected/py2-networkx.xml
forCondor_stopBabyMaker_74x/CMSSW_7_4_1_patch1/config/toolbox/slc6_amd64_gcc491/tools/selected/llvm-ccompiler.xml
forCondor_stopBabyMaker_74x/CMSSW_7_4_1_patch1/config/toolbox/slc6_amd64_gcc491/tools/selected/py2-futures.xml
forCondor_stopBabyMaker_74x/CMSSW_7_4_1_patch1/config/toolbox/slc6_amd64_gcc491/tools/selected/tauolapp.xml
forCondor_stopBabyMaker_74x/CMSSW_7_4_1_patch1/config/toolbox/slc6_amd64_gcc491/tools/selected/frontier_client.xml
forCondor_stopBabyMaker_74x/CMSSW_7_4_1_patch1/config/toolbox/slc6_amd64_gcc491/tools/selected/photos_headers.xml
forCondor_stopBabyMaker_74x/CMSSW_7_4_1_patch1/config/toolbox/slc6_amd64_gcc491/tools/selected/rootgeompainter.xml
forCondor_stopBabyMaker_74x/CMSSW_7_4_1_patch1/config/toolbox/slc6_amd64_gcc491/tools/selected/cppunit.xml
forCondor_stopBabyMaker_74x/CMSSW_7_4_1_patch1/config/toolbox/slc6_amd64_gcc491/tools/selected/tbb.xml
forCondor_stopBabyMaker_74x/CMSSW_7_4_1_patch1/config/toolbox/slc6_amd64_gcc491/tools/selected/photospp.xml
forCondor_stopBabyMaker_74x/CMSSW_7_4_1_patch1/config/toolbox/slc6_amd64_gcc491/tools/selected/py2-dablooms.xml
forCondor_stopBabyMaker_74x/CMSSW_7_4_1_patch1/config/toolbox/slc6_amd64_gcc491/tools/selected/py2-markupsafe.xml
forCondor_stopBabyMaker_74x/CMSSW_7_4_1_patch1/config/toolbox/slc6_amd64_gcc491/tools/selected/gdbm.xml
forCondor_stopBabyMaker_74x/CMSSW_7_4_1_patch1/config/toolbox/slc6_amd64_gcc491/tools/selected/doxygen.xml
forCondor_stopBabyMaker_74x/CMSSW_7_4_1_patch1/config/toolbox/slc6_amd64_gcc491/tools/selected/fftw3.xml
forCondor_stopBabyMaker_74x/CMSSW_7_4_1_patch1/config/toolbox/slc6_amd64_gcc491/tools/selected/fastjet.xml
forCondor_stopBabyMaker_74x/CMSSW_7_4_1_patch1/config/toolbox/slc6_amd64_gcc491/tools/selected/rootgraphics.xml
forCondor_stopBabyMaker_74x/CMSSW_7_4_1_patch1/config/toolbox/slc6_amd64_gcc491/tools/selected/root_interface.xml
forCondor_stopBabyMaker_74x/CMSSW_7_4_1_patch1/config/toolbox/slc6_amd64_gcc491/tools/selected/qtextra.xml
forCondor_stopBabyMaker_74x/CMSSW_7_4_1_patch1/config/toolbox/slc6_amd64_gcc491/tools/selected/charybdis.xml
forCondor_stopBabyMaker_74x/CMSSW_7_4_1_patch1/config/toolbox/slc6_amd64_gcc491/tools/selected/distcc-ccompiler.xml
forCondor_stopBabyMaker_74x/CMSSW_7_4_1_patch1/config/toolbox/slc6_amd64_gcc491/tools/selected/qt3support.xml
forCondor_stopBabyMaker_74x/CMSSW_7_4_1_patch1/config/toolbox/slc6_amd64_gcc491/tools/selected/jimmy_headers.xml
forCondor_stopBabyMaker_74x/CMSSW_7_4_1_patch1/config/toolbox/slc6_amd64_gcc491/tools/selected/lcov.xml
forCondor_stopBabyMaker_74x/CMSSW_7_4_1_patch1/config/toolbox/slc6_amd64_gcc491/tools/selected/photosapp.xml
forCondor_stopBabyMaker_74x/CMSSW_7_4_1_patch1/config/toolbox/slc6_amd64_gcc491/tools/selected/libtiff.xml
forCondor_stopBabyMaker_74x/CMSSW_7_4_1_patch1/config/toolbox/slc6_amd64_gcc491/tools/selected/evtgen.xml
forCondor_stopBabyMaker_74x/CMSSW_7_4_1_patch1/config/toolbox/slc6_amd64_gcc491/tools/selected/histfactory.xml
forCondor_stopBabyMaker_74x/CMSSW_7_4_1_patch1/config/toolbox/slc6_amd64_gcc491/tools/selected/glimpse.xml
forCondor_stopBabyMaker_74x/CMSSW_7_4_1_patch1/config/toolbox/slc6_amd64_gcc491/tools/selected/py2-dxr.xml
forCondor_stopBabyMaker_74x/CMSSW_7_4_1_patch1/config/toolbox/slc6_amd64_gcc491/tools/selected/gmake.xml
forCondor_stopBabyMaker_74x/CMSSW_7_4_1_patch1/config/toolbox/slc6_amd64_gcc491/tools/selected/tauola_headers.xml
forCondor_stopBabyMaker_74x/CMSSW_7_4_1_patch1/config/toolbox/slc6_amd64_gcc491/tools/selected/py2-sqlalchemy.xml
forCondor_stopBabyMaker_74x/CMSSW_7_4_1_patch1/config/toolbox/slc6_amd64_gcc491/tools/selected/py2-scipy.xml
forCondor_stopBabyMaker_74x/CMSSW_7_4_1_patch1/config/toolbox/slc6_amd64_gcc491/tools/selected/gmp.xml
forCondor_stopBabyMaker_74x/CMSSW_7_4_1_patch1/config/toolbox/slc6_amd64_gcc491/tools/selected/protobuf.xml
forCondor_stopBabyMaker_74x/CMSSW_7_4_1_patch1/config/toolbox/slc6_amd64_gcc491/tools/selected/py2-python-dateutil.xml
forCondor_stopBabyMaker_74x/CMSSW_7_4_1_patch1/config/toolbox/slc6_amd64_gcc491/tools/selected/rootguihtml.xml
forCondor_stopBabyMaker_74x/CMSSW_7_4_1_patch1/config/toolbox/slc6_amd64_gcc491/tools/selected/mcdb.xml
forCondor_stopBabyMaker_74x/CMSSW_7_4_1_patch1/config/toolbox/slc6_amd64_gcc491/tools/selected/boost_system.xml
forCondor_stopBabyMaker_74x/CMSSW_7_4_1_patch1/config/toolbox/slc6_amd64_gcc491/tools/selected/sloccount.xml
forCondor_stopBabyMaker_74x/CMSSW_7_4_1_patch1/config/toolbox/slc6_amd64_gcc491/tools/selected/roothtml.xml
forCondor_stopBabyMaker_74x/CMSSW_7_4_1_patch1/config/toolbox/slc6_amd64_gcc491/tools/selected/boost_serialization.xml
forCondor_stopBabyMaker_74x/CMSSW_7_4_1_patch1/config/toolbox/slc6_amd64_gcc491/tools/selected/thepeg.xml
forCondor_stopBabyMaker_74x/CMSSW_7_4_1_patch1/config/toolbox/slc6_amd64_gcc491/tools/selected/py2-numpy.xml
forCondor_stopBabyMaker_74x/CMSSW_7_4_1_patch1/config/toolbox/slc6_amd64_gcc491/tools/selected/jemalloc.xml
forCondor_stopBabyMaker_74x/CMSSW_7_4_1_patch1/config/toolbox/slc6_amd64_gcc491/tools/selected/rootrio.xml
forCondor_stopBabyMaker_74x/CMSSW_7_4_1_patch1/config/toolbox/slc6_amd64_gcc491/tools/selected/meschach.xml
forCondor_stopBabyMaker_74x/CMSSW_7_4_1_patch1/config/toolbox/slc6_amd64_gcc491/tools/selected/pydata.xml
forCondor_stopBabyMaker_74x/CMSSW_7_4_1_patch1/config/toolbox/slc6_amd64_gcc491/tools/selected/vdt_headers.xml
forCondor_stopBabyMaker_74x/CMSSW_7_4_1_patch1/config/toolbox/slc6_amd64_gcc491/tools/selected/cmsswdata.xml
forCondor_stopBabyMaker_74x/CMSSW_7_4_1_patch1/config/toolbox/slc6_amd64_gcc491/tools/selected/glibc.xml
forCondor_stopBabyMaker_74x/CMSSW_7_4_1_patch1/config/toolbox/slc6_amd64_gcc491/tools/selected/py2-ordereddict.xml
forCondor_stopBabyMaker_74x/CMSSW_7_4_1_patch1/config/toolbox/slc6_amd64_gcc491/tools/selected/sigcpp.xml
forCondor_stopBabyMaker_74x/CMSSW_7_4_1_patch1/config/toolbox/slc6_amd64_gcc491/tools/selected/tauola.xml
forCondor_stopBabyMaker_74x/CMSSW_7_4_1_patch1/config/toolbox/slc6_amd64_gcc491/tools/selected/rootmathcore.xml
forCondor_stopBabyMaker_74x/CMSSW_7_4_1_patch1/config/toolbox/slc6_amd64_gcc491/tools/selected/geant4.xml
forCondor_stopBabyMaker_74x/CMSSW_7_4_1_patch1/config/toolbox/slc6_amd64_gcc491/tools/selected/rooteg.xml
forCondor_stopBabyMaker_74x/CMSSW_7_4_1_patch1/config/toolbox/slc6_amd64_gcc491/tools/selected/gccxml.xml
forCondor_stopBabyMaker_74x/CMSSW_7_4_1_patch1/config/toolbox/slc6_amd64_gcc491/tools/selected/dpm.xml
forCondor_stopBabyMaker_74x/CMSSW_7_4_1_patch1/config/toolbox/slc6_amd64_gcc491/tools/selected/sip.xml
forCondor_stopBabyMaker_74x/CMSSW_7_4_1_patch1/config/toolbox/slc6_amd64_gcc491/tools/selected/das-client.xml
forCondor_stopBabyMaker_74x/CMSSW_7_4_1_patch1/config/toolbox/slc6_amd64_gcc491/tools/selected/tcmalloc_minimal.xml
forCondor_stopBabyMaker_74x/CMSSW_7_4_1_patch1/config/toolbox/slc6_amd64_gcc491/tools/selected/roostats.xml
forCondor_stopBabyMaker_74x/CMSSW_7_4_1_patch1/config/toolbox/slc6_amd64_gcc491/tools/selected/pythia6.xml
forCondor_stopBabyMaker_74x/CMSSW_7_4_1_patch1/config/toolbox/slc6_amd64_gcc491/tools/selected/blackhat.xml
forCondor_stopBabyMaker_74x/CMSSW_7_4_1_patch1/config/toolbox/slc6_amd64_gcc491/tools/selected/toprex_headers.xml
forCondor_stopBabyMaker_74x/CMSSW_7_4_1_patch1/config/toolbox/slc6_amd64_gcc491/tools/available/
forCondor_stopBabyMaker_74x/CMSSW_7_4_1_patch1/config/toolbox/slc6_amd64_gcc491/tools/available/icc-f77compiler.xml
forCondor_stopBabyMaker_74x/CMSSW_7_4_1_patch1/config/toolbox/slc6_amd64_gcc491/tools/available/cuda.xml
forCondor_stopBabyMaker_74x/CMSSW_7_4_1_patch1/config/toolbox/slc6_amd64_gcc491/tools/available/opencl-cpp.xml
forCondor_stopBabyMaker_74x/CMSSW_7_4_1_patch1/config/toolbox/slc6_amd64_gcc491/tools/available/icc-cxxcompiler.xml
forCondor_stopBabyMaker_74x/CMSSW_7_4_1_patch1/config/toolbox/slc6_amd64_gcc491/tools/available/photospp.xml
forCondor_stopBabyMaker_74x/CMSSW_7_4_1_patch1/config/toolbox/slc6_amd64_gcc491/tools/available/icc-ccompiler.xml
forCondor_stopBabyMaker_74x/CMSSW_7_4_1_patch1/config/toolbox/slc6_amd64_gcc491/tools/available/opencl.xml
forCondor_stopBabyMaker_74x/CMSSW_7_4_1_patch1/logs/
forCondor_stopBabyMaker_74x/CMSSW_7_4_1_patch1/logs/slc6_amd64_gcc491/
forCondor_stopBabyMaker_74x/CMSSW_7_4_1_patch1/biglib/
forCondor_stopBabyMaker_74x/CMSSW_7_4_1_patch1/biglib/slc6_amd64_gcc491/
forCondor_stopBabyMaker_74x/CMSSW_7_4_1_patch1/tmp/
forCondor_stopBabyMaker_74x/CMSSW_7_4_1_patch1/tmp/slc6_amd64_gcc491/
forCondor_stopBabyMaker_74x/CMSSW_7_4_1_patch1/python/
forCondor_stopBabyMaker_74x/CMSSW_7_4_1_patch1/cfipython/
forCondor_stopBabyMaker_74x/CMSSW_7_4_1_patch1/cfipython/slc6_amd64_gcc491/
forCondor_stopBabyMaker_74x/CMSSW_7_4_1_patch1/.SCRAM/
forCondor_stopBabyMaker_74x/CMSSW_7_4_1_patch1/.SCRAM/slc6_amd64_gcc491/
forCondor_stopBabyMaker_74x/CMSSW_7_4_1_patch1/.SCRAM/slc6_amd64_gcc491/chkarch
forCondor_stopBabyMaker_74x/CMSSW_7_4_1_patch1/.SCRAM/slc6_amd64_gcc491/timestamps/
forCondor_stopBabyMaker_74x/CMSSW_7_4_1_patch1/.SCRAM/slc6_amd64_gcc491/timestamps/pydata
forCondor_stopBabyMaker_74x/CMSSW_7_4_1_patch1/.SCRAM/slc6_amd64_gcc491/timestamps/roofit
forCondor_stopBabyMaker_74x/CMSSW_7_4_1_patch1/.SCRAM/slc6_amd64_gcc491/timestamps/py2-pytz
forCondor_stopBabyMaker_74x/CMSSW_7_4_1_patch1/.SCRAM/slc6_amd64_gcc491/timestamps/rootrflx
forCondor_stopBabyMaker_74x/CMSSW_7_4_1_patch1/.SCRAM/slc6_amd64_gcc491/timestamps/tkonlineswdb
forCondor_stopBabyMaker_74x/CMSSW_7_4_1_patch1/.SCRAM/slc6_amd64_gcc491/timestamps/distcc-ccompiler
forCondor_stopBabyMaker_74x/CMSSW_7_4_1_patch1/.SCRAM/slc6_amd64_gcc491/timestamps/tauolapp
forCondor_stopBabyMaker_74x/CMSSW_7_4_1_patch1/.SCRAM/slc6_amd64_gcc491/timestamps/rootgeompainter
forCondor_stopBabyMaker_74x/CMSSW_7_4_1_patch1/.SCRAM/slc6_amd64_gcc491/timestamps/python-ldap
forCondor_stopBabyMaker_74x/CMSSW_7_4_1_patch1/.SCRAM/slc6_amd64_gcc491/timestamps/root_cxxdefaults
forCondor_stopBabyMaker_74x/CMSSW_7_4_1_patch1/.SCRAM/slc6_amd64_gcc491/timestamps/boost_signals
forCondor_stopBabyMaker_74x/CMSSW_7_4_1_patch1/.SCRAM/slc6_amd64_gcc491/timestamps/opengl
forCondor_stopBabyMaker_74x/CMSSW_7_4_1_patch1/.SCRAM/slc6_amd64_gcc491/timestamps/sip
forCondor_stopBabyMaker_74x/CMSSW_7_4_1_patch1/.SCRAM/slc6_amd64_gcc491/timestamps/vdt
forCondor_stopBabyMaker_74x/CMSSW_7_4_1_patch1/.SCRAM/slc6_amd64_gcc491/timestamps/llvm-ccompiler
forCondor_stopBabyMaker_74x/CMSSW_7_4_1_patch1/.SCRAM/slc6_amd64_gcc491/timestamps/roofitcore
forCondor_stopBabyMaker_74x/CMSSW_7_4_1_patch1/.SCRAM/slc6_amd64_gcc491/timestamps/fftw3
forCondor_stopBabyMaker_74x/CMSSW_7_4_1_patch1/.SCRAM/slc6_amd64_gcc491/timestamps/dmtcp
forCondor_stopBabyMaker_74x/CMSSW_7_4_1_patch1/.SCRAM/slc6_amd64_gcc491/timestamps/bz2lib
forCondor_stopBabyMaker_74x/CMSSW_7_4_1_patch1/.SCRAM/slc6_amd64_gcc491/timestamps/boost_program_options
forCondor_stopBabyMaker_74x/CMSSW_7_4_1_patch1/.SCRAM/slc6_amd64_gcc491/timestamps/toprex_headers
forCondor_stopBabyMaker_74x/CMSSW_7_4_1_patch1/.SCRAM/slc6_amd64_gcc491/timestamps/rooteg
forCondor_stopBabyMaker_74x/CMSSW_7_4_1_patch1/.SCRAM/slc6_amd64_gcc491/timestamps/root_interface
forCondor_stopBabyMaker_74x/CMSSW_7_4_1_patch1/.SCRAM/slc6_amd64_gcc491/timestamps/geant4-parfullcms
forCondor_stopBabyMaker_74x/CMSSW_7_4_1_patch1/.SCRAM/slc6_amd64_gcc491/timestamps/gnuplot
forCondor_stopBabyMaker_74x/CMSSW_7_4_1_patch1/.SCRAM/slc6_amd64_gcc491/timestamps/rootxml
forCondor_stopBabyMaker_74x/CMSSW_7_4_1_patch1/.SCRAM/slc6_amd64_gcc491/timestamps/fftjet
forCondor_stopBabyMaker_74x/CMSSW_7_4_1_patch1/.SCRAM/slc6_amd64_gcc491/timestamps/lapack
forCondor_stopBabyMaker_74x/CMSSW_7_4_1_patch1/.SCRAM/slc6_amd64_gcc491/timestamps/py2-networkx
forCondor_stopBabyMaker_74x/CMSSW_7_4_1_patch1/.SCRAM/slc6_amd64_gcc491/timestamps/lhapdf
forCondor_stopBabyMaker_74x/CMSSW_7_4_1_patch1/.SCRAM/slc6_amd64_gcc491/timestamps/heppdt
forCondor_stopBabyMaker_74x/CMSSW_7_4_1_patch1/.SCRAM/slc6_amd64_gcc491/timestamps/py2-scipy
forCondor_stopBabyMaker_74x/CMSSW_7_4_1_patch1/.SCRAM/slc6_amd64_gcc491/timestamps/tkonlinesw
forCondor_stopBabyMaker_74x/CMSSW_7_4_1_patch1/.SCRAM/slc6_amd64_gcc491/timestamps/boost_python
forCondor_stopBabyMaker_74x/CMSSW_7_4_1_patch1/.SCRAM/slc6_amd64_gcc491/timestamps/glimpse
forCondor_stopBabyMaker_74x/CMSSW_7_4_1_patch1/.SCRAM/slc6_amd64_gcc491/timestamps/py2-dxr
forCondor_stopBabyMaker_74x/CMSSW_7_4_1_patch1/.SCRAM/slc6_amd64_gcc491/timestamps/pythia6
forCondor_stopBabyMaker_74x/CMSSW_7_4_1_patch1/.SCRAM/slc6_amd64_gcc491/timestamps/libpng
forCondor_stopBabyMaker_74x/CMSSW_7_4_1_patch1/.SCRAM/slc6_amd64_gcc491/timestamps/jimmy_headers
forCondor_stopBabyMaker_74x/CMSSW_7_4_1_patch1/.SCRAM/slc6_amd64_gcc491/timestamps/xz
forCondor_stopBabyMaker_74x/CMSSW_7_4_1_patch1/.SCRAM/slc6_amd64_gcc491/timestamps/oracleocci
forCondor_stopBabyMaker_74x/CMSSW_7_4_1_patch1/.SCRAM/slc6_amd64_gcc491/timestamps/sqlite
forCondor_stopBabyMaker_74x/CMSSW_7_4_1_patch1/.SCRAM/slc6_amd64_gcc491/timestamps/rootpy
forCondor_stopBabyMaker_74x/CMSSW_7_4_1_patch1/.SCRAM/slc6_amd64_gcc491/timestamps/py2-sqlalchemy
forCondor_stopBabyMaker_74x/CMSSW_7_4_1_patch1/.SCRAM/slc6_amd64_gcc491/timestamps/cgal
forCondor_stopBabyMaker_74x/CMSSW_7_4_1_patch1/.SCRAM/slc6_amd64_gcc491/timestamps/rootxmlio
forCondor_stopBabyMaker_74x/CMSSW_7_4_1_patch1/.SCRAM/slc6_amd64_gcc491/timestamps/castor
forCondor_stopBabyMaker_74x/CMSSW_7_4_1_patch1/.SCRAM/slc6_amd64_gcc491/timestamps/graphviz
forCondor_stopBabyMaker_74x/CMSSW_7_4_1_patch1/.SCRAM/slc6_amd64_gcc491/timestamps/llvm-analyzer-cxxcompiler
forCondor_stopBabyMaker_74x/CMSSW_7_4_1_patch1/.SCRAM/slc6_amd64_gcc491/timestamps/millepede
forCondor_stopBabyMaker_74x/CMSSW_7_4_1_patch1/.SCRAM/slc6_amd64_gcc491/timestamps/sloccount
forCondor_stopBabyMaker_74x/CMSSW_7_4_1_patch1/.SCRAM/slc6_amd64_gcc491/timestamps/py2-python-dateutil
forCondor_stopBabyMaker_74x/CMSSW_7_4_1_patch1/.SCRAM/slc6_amd64_gcc491/timestamps/geant4
forCondor_stopBabyMaker_74x/CMSSW_7_4_1_patch1/.SCRAM/slc6_amd64_gcc491/timestamps/llvm-cxxcompiler
forCondor_stopBabyMaker_74x/CMSSW_7_4_1_patch1/.SCRAM/slc6_amd64_gcc491/timestamps/py2-futures
forCondor_stopBabyMaker_74x/CMSSW_7_4_1_patch1/.SCRAM/slc6_amd64_gcc491/timestamps/pyclang
forCondor_stopBabyMaker_74x/CMSSW_7_4_1_patch1/.SCRAM/slc6_amd64_gcc491/timestamps/dcap
forCondor_stopBabyMaker_74x/CMSSW_7_4_1_patch1/.SCRAM/slc6_amd64_gcc491/timestamps/gcc-f77compiler
forCondor_stopBabyMaker_74x/CMSSW_7_4_1_patch1/.SCRAM/slc6_amd64_gcc491/timestamps/boost_test
forCondor_stopBabyMaker_74x/CMSSW_7_4_1_patch1/.SCRAM/slc6_amd64_gcc491/timestamps/libhepml
forCondor_stopBabyMaker_74x/CMSSW_7_4_1_patch1/.SCRAM/slc6_amd64_gcc491/timestamps/oracle
forCondor_stopBabyMaker_74x/CMSSW_7_4_1_patch1/.SCRAM/slc6_amd64_gcc491/timestamps/rootphysics
forCondor_stopBabyMaker_74x/CMSSW_7_4_1_patch1/.SCRAM/slc6_amd64_gcc491/timestamps/rootgraphics
forCondor_stopBabyMaker_74x/CMSSW_7_4_1_patch1/.SCRAM/slc6_amd64_gcc491/timestamps/alpgen
forCondor_stopBabyMaker_74x/CMSSW_7_4_1_patch1/.SCRAM/slc6_amd64_gcc491/timestamps/geant4core
forCondor_stopBabyMaker_74x/CMSSW_7_4_1_patch1/.SCRAM/slc6_amd64_gcc491/timestamps/thepeg
forCondor_stopBabyMaker_74x/CMSSW_7_4_1_patch1/.SCRAM/slc6_amd64_gcc491/timestamps/py2-parsimonious
forCondor_stopBabyMaker_74x/CMSSW_7_4_1_patch1/.SCRAM/slc6_amd64_gcc491/timestamps/classlib
forCondor_stopBabyMaker_74x/CMSSW_7_4_1_patch1/.SCRAM/slc6_amd64_gcc491/timestamps/castor_header
forCondor_stopBabyMaker_74x/CMSSW_7_4_1_patch1/.SCRAM/slc6_amd64_gcc491/timestamps/lcov
forCondor_stopBabyMaker_74x/CMSSW_7_4_1_patch1/.SCRAM/slc6_amd64_gcc491/timestamps/dpm
forCondor_stopBabyMaker_74x/CMSSW_7_4_1_patch1/.SCRAM/slc6_amd64_gcc491/timestamps/ktjet
forCondor_stopBabyMaker_74x/CMSSW_7_4_1_patch1/.SCRAM/slc6_amd64_gcc491/timestamps/py2-ordereddict
forCondor_stopBabyMaker_74x/CMSSW_7_4_1_patch1/.SCRAM/slc6_amd64_gcc491/timestamps/tcmalloc_minimal
forCondor_stopBabyMaker_74x/CMSSW_7_4_1_patch1/.SCRAM/slc6_amd64_gcc491/timestamps/mpfr
forCondor_stopBabyMaker_74x/CMSSW_7_4_1_patch1/.SCRAM/slc6_amd64_gcc491/timestamps/roostats
forCondor_stopBabyMaker_74x/CMSSW_7_4_1_patch1/.SCRAM/slc6_amd64_gcc491/timestamps/qtbase
forCondor_stopBabyMaker_74x/CMSSW_7_4_1_patch1/.SCRAM/slc6_amd64_gcc491/timestamps/rootcling
forCondor_stopBabyMaker_74x/CMSSW_7_4_1_patch1/.SCRAM/slc6_amd64_gcc491/timestamps/openloops
forCondor_stopBabyMaker_74x/CMSSW_7_4_1_patch1/.SCRAM/slc6_amd64_gcc491/timestamps/charybdis
forCondor_stopBabyMaker_74x/CMSSW_7_4_1_patch1/.SCRAM/slc6_amd64_gcc491/timestamps/rootmathcore
forCondor_stopBabyMaker_74x/CMSSW_7_4_1_patch1/.SCRAM/slc6_amd64_gcc491/timestamps/file
forCondor_stopBabyMaker_74x/CMSSW_7_4_1_patch1/.SCRAM/slc6_amd64_gcc491/timestamps/blackhat
forCondor_stopBabyMaker_74x/CMSSW_7_4_1_patch1/.SCRAM/slc6_amd64_gcc491/timestamps/py2-lint
forCondor_stopBabyMaker_74x/CMSSW_7_4_1_patch1/.SCRAM/slc6_amd64_gcc491/timestamps/fastjet-contrib-archive
forCondor_stopBabyMaker_74x/CMSSW_7_4_1_patch1/.SCRAM/slc6_amd64_gcc491/timestamps/python
forCondor_stopBabyMaker_74x/CMSSW_7_4_1_patch1/.SCRAM/slc6_amd64_gcc491/timestamps/rootminuit2
forCondor_stopBabyMaker_74x/CMSSW_7_4_1_patch1/.SCRAM/slc6_amd64_gcc491/timestamps/mcdb
forCondor_stopBabyMaker_74x/CMSSW_7_4_1_patch1/.SCRAM/slc6_amd64_gcc491/timestamps/rootmath
forCondor_stopBabyMaker_74x/CMSSW_7_4_1_patch1/.SCRAM/slc6_amd64_gcc491/timestamps/geant4vis
forCondor_stopBabyMaker_74x/CMSSW_7_4_1_patch1/.SCRAM/slc6_amd64_gcc491/timestamps/cascade_headers
forCondor_stopBabyMaker_74x/CMSSW_7_4_1_patch1/.SCRAM/slc6_amd64_gcc491/timestamps/py2-dablooms
forCondor_stopBabyMaker_74x/CMSSW_7_4_1_patch1/.SCRAM/slc6_amd64_gcc491/timestamps/cgalimageio
forCondor_stopBabyMaker_74x/CMSSW_7_4_1_patch1/.SCRAM/slc6_amd64_gcc491/timestamps/boost_header
forCondor_stopBabyMaker_74x/CMSSW_7_4_1_patch1/.SCRAM/slc6_amd64_gcc491/timestamps/cppunit
forCondor_stopBabyMaker_74x/CMSSW_7_4_1_patch1/.SCRAM/slc6_amd64_gcc491/timestamps/yaml-cpp
forCondor_stopBabyMaker_74x/CMSSW_7_4_1_patch1/.SCRAM/slc6_amd64_gcc491/timestamps/jimmy
forCondor_stopBabyMaker_74x/CMSSW_7_4_1_patch1/.SCRAM/slc6_amd64_gcc491/timestamps/roottmva
forCondor_stopBabyMaker_74x/CMSSW_7_4_1_patch1/.SCRAM/slc6_amd64_gcc491/timestamps/photospp
forCondor_stopBabyMaker_74x/CMSSW_7_4_1_patch1/.SCRAM/slc6_amd64_gcc491/timestamps/clhep
forCondor_stopBabyMaker_74x/CMSSW_7_4_1_patch1/.SCRAM/slc6_amd64_gcc491/timestamps/cython
forCondor_stopBabyMaker_74x/CMSSW_7_4_1_patch1/.SCRAM/slc6_amd64_gcc491/timestamps/git
forCondor_stopBabyMaker_74x/CMSSW_7_4_1_patch1/.SCRAM/slc6_amd64_gcc491/timestamps/boost_serialization
forCondor_stopBabyMaker_74x/CMSSW_7_4_1_patch1/.SCRAM/slc6_amd64_gcc491/timestamps/mctester
forCondor_stopBabyMaker_74x/CMSSW_7_4_1_patch1/.SCRAM/slc6_amd64_gcc491/timestamps/vdt_headers
forCondor_stopBabyMaker_74x/CMSSW_7_4_1_patch1/.SCRAM/slc6_amd64_gcc491/timestamps/herwigpp
forCondor_stopBabyMaker_74x/CMSSW_7_4_1_patch1/.SCRAM/slc6_amd64_gcc491/timestamps/libungif
forCondor_stopBabyMaker_74x/CMSSW_7_4_1_patch1/.SCRAM/slc6_amd64_gcc491/timestamps/geant4data
forCondor_stopBabyMaker_74x/CMSSW_7_4_1_patch1/.SCRAM/slc6_amd64_gcc491/timestamps/tauola
forCondor_stopBabyMaker_74x/CMSSW_7_4_1_patch1/.SCRAM/slc6_amd64_gcc491/timestamps/pacparser
forCondor_stopBabyMaker_74x/CMSSW_7_4_1_patch1/.SCRAM/slc6_amd64_gcc491/timestamps/rooteve
forCondor_stopBabyMaker_74x/CMSSW_7_4_1_patch1/.SCRAM/slc6_amd64_gcc491/timestamps/hepmc
forCondor_stopBabyMaker_74x/CMSSW_7_4_1_patch1/.SCRAM/slc6_amd64_gcc491/timestamps/hepmc_headers
forCondor_stopBabyMaker_74x/CMSSW_7_4_1_patch1/.SCRAM/slc6_amd64_gcc491/timestamps/rootmlp
forCondor_stopBabyMaker_74x/CMSSW_7_4_1_patch1/.SCRAM/slc6_amd64_gcc491/timestamps/qtdesigner
forCondor_stopBabyMaker_74x/CMSSW_7_4_1_patch1/.SCRAM/slc6_amd64_gcc491/timestamps/protobuf
forCondor_stopBabyMaker_74x/CMSSW_7_4_1_patch1/.SCRAM/slc6_amd64_gcc491/timestamps/rootrgl
forCondor_stopBabyMaker_74x/CMSSW_7_4_1_patch1/.SCRAM/slc6_amd64_gcc491/timestamps/tbb
forCondor_stopBabyMaker_74x/CMSSW_7_4_1_patch1/.SCRAM/slc6_amd64_gcc491/timestamps/boost_iostreams
forCondor_stopBabyMaker_74x/CMSSW_7_4_1_patch1/.SCRAM/slc6_amd64_gcc491/timestamps/cmsswdata
forCondor_stopBabyMaker_74x/CMSSW_7_4_1_patch1/.SCRAM/slc6_amd64_gcc491/timestamps/glibc
forCondor_stopBabyMaker_74x/CMSSW_7_4_1_patch1/.SCRAM/slc6_amd64_gcc491/timestamps/pyqt
forCondor_stopBabyMaker_74x/CMSSW_7_4_1_patch1/.SCRAM/slc6_amd64_gcc491/timestamps/py2-pygments
forCondor_stopBabyMaker_74x/CMSSW_7_4_1_patch1/.SCRAM/slc6_amd64_gcc491/timestamps/llvm-analyzer-ccompiler
forCondor_stopBabyMaker_74x/CMSSW_7_4_1_patch1/.SCRAM/slc6_amd64_gcc491/timestamps/gccxml
forCondor_stopBabyMaker_74x/CMSSW_7_4_1_patch1/.SCRAM/slc6_amd64_gcc491/timestamps/professor
forCondor_stopBabyMaker_74x/CMSSW_7_4_1_patch1/.SCRAM/slc6_amd64_gcc491/timestamps/evtgen
forCondor_stopBabyMaker_74x/CMSSW_7_4_1_patch1/.SCRAM/slc6_amd64_gcc491/timestamps/igprof
forCondor_stopBabyMaker_74x/CMSSW_7_4_1_patch1/.SCRAM/slc6_amd64_gcc491/timestamps/ccache-ccompiler
forCondor_stopBabyMaker_74x/CMSSW_7_4_1_patch1/.SCRAM/slc6_amd64_gcc491/timestamps/geant4static
forCondor_stopBabyMaker_74x/CMSSW_7_4_1_patch1/.SCRAM/slc6_amd64_gcc491/timestamps/qd
forCondor_stopBabyMaker_74x/CMSSW_7_4_1_patch1/.SCRAM/slc6_amd64_gcc491/timestamps/pythia6_headers
forCondor_stopBabyMaker_74x/CMSSW_7_4_1_patch1/.SCRAM/slc6_amd64_gcc491/timestamps/photos_headers
forCondor_stopBabyMaker_74x/CMSSW_7_4_1_patch1/.SCRAM/slc6_amd64_gcc491/timestamps/boost
forCondor_stopBabyMaker_74x/CMSSW_7_4_1_patch1/.SCRAM/slc6_amd64_gcc491/timestamps/gdb
forCondor_stopBabyMaker_74x/CMSSW_7_4_1_patch1/.SCRAM/slc6_amd64_gcc491/timestamps/boost_system
forCondor_stopBabyMaker_74x/CMSSW_7_4_1_patch1/.SCRAM/slc6_amd64_gcc491/timestamps/py2-cx-oracle
forCondor_stopBabyMaker_74x/CMSSW_7_4_1_patch1/.SCRAM/slc6_amd64_gcc491/timestamps/das-client
forCondor_stopBabyMaker_74x/CMSSW_7_4_1_patch1/.SCRAM/slc6_amd64_gcc491/timestamps/pyminuit2
forCondor_stopBabyMaker_74x/CMSSW_7_4_1_patch1/.SCRAM/slc6_amd64_gcc491/timestamps/llvm-f77compiler
forCondor_stopBabyMaker_74x/CMSSW_7_4_1_patch1/.SCRAM/slc6_amd64_gcc491/timestamps/pythia8
forCondor_stopBabyMaker_74x/CMSSW_7_4_1_patch1/.SCRAM/slc6_amd64_gcc491/timestamps/libtiff
forCondor_stopBabyMaker_74x/CMSSW_7_4_1_patch1/.SCRAM/slc6_amd64_gcc491/timestamps/rootspectrum
forCondor_stopBabyMaker_74x/CMSSW_7_4_1_patch1/.SCRAM/slc6_amd64_gcc491/timestamps/qtextra
forCondor_stopBabyMaker_74x/CMSSW_7_4_1_patch1/.SCRAM/slc6_amd64_gcc491/timestamps/histfactory
forCondor_stopBabyMaker_74x/CMSSW_7_4_1_patch1/.SCRAM/slc6_amd64_gcc491/timestamps/rootrint
forCondor_stopBabyMaker_74x/CMSSW_7_4_1_patch1/.SCRAM/slc6_amd64_gcc491/timestamps/self
forCondor_stopBabyMaker_74x/CMSSW_7_4_1_patch1/.SCRAM/slc6_amd64_gcc491/timestamps/x11
forCondor_stopBabyMaker_74x/CMSSW_7_4_1_patch1/.SCRAM/slc6_amd64_gcc491/timestamps/tcmalloc
forCondor_stopBabyMaker_74x/CMSSW_7_4_1_patch1/.SCRAM/slc6_amd64_gcc491/timestamps/py2-markupsafe
forCondor_stopBabyMaker_74x/CMSSW_7_4_1_patch1/.SCRAM/slc6_amd64_gcc491/timestamps/rootgeom
forCondor_stopBabyMaker_74x/CMSSW_7_4_1_patch1/.SCRAM/slc6_amd64_gcc491/timestamps/expat
forCondor_stopBabyMaker_74x/CMSSW_7_4_1_patch1/.SCRAM/slc6_amd64_gcc491/timestamps/openssl
forCondor_stopBabyMaker_74x/CMSSW_7_4_1_patch1/.SCRAM/slc6_amd64_gcc491/timestamps/eigen
forCondor_stopBabyMaker_74x/CMSSW_7_4_1_patch1/.SCRAM/slc6_amd64_gcc491/timestamps/llvm
forCondor_stopBabyMaker_74x/CMSSW_7_4_1_patch1/.SCRAM/slc6_amd64_gcc491/timestamps/qt
forCondor_stopBabyMaker_74x/CMSSW_7_4_1_patch1/.SCRAM/slc6_amd64_gcc491/timestamps/roothistmatrix
forCondor_stopBabyMaker_74x/CMSSW_7_4_1_patch1/.SCRAM/slc6_amd64_gcc491/timestamps/rootminuit
forCondor_stopBabyMaker_74x/CMSSW_7_4_1_patch1/.SCRAM/slc6_amd64_gcc491/timestamps/distcc-f77compiler
forCondor_stopBabyMaker_74x/CMSSW_7_4_1_patch1/.SCRAM/slc6_amd64_gcc491/timestamps/roothtml
forCondor_stopBabyMaker_74x/CMSSW_7_4_1_patch1/.SCRAM/slc6_amd64_gcc491/timestamps/hector
forCondor_stopBabyMaker_74x/CMSSW_7_4_1_patch1/.SCRAM/slc6_amd64_gcc491/timestamps/py2-cjson
forCondor_stopBabyMaker_74x/CMSSW_7_4_1_patch1/.SCRAM/slc6_amd64_gcc491/timestamps/cvs2git
forCondor_stopBabyMaker_74x/CMSSW_7_4_1_patch1/.SCRAM/slc6_amd64_gcc491/timestamps/curl
forCondor_stopBabyMaker_74x/CMSSW_7_4_1_patch1/.SCRAM/slc6_amd64_gcc491/timestamps/py2-matplotlib
forCondor_stopBabyMaker_74x/CMSSW_7_4_1_patch1/.SCRAM/slc6_amd64_gcc491/timestamps/root
forCondor_stopBabyMaker_74x/CMSSW_7_4_1_patch1/.SCRAM/slc6_amd64_gcc491/timestamps/distcc-cxxcompiler
forCondor_stopBabyMaker_74x/CMSSW_7_4_1_patch1/.SCRAM/slc6_amd64_gcc491/timestamps/gsl
forCondor_stopBabyMaker_74x/CMSSW_7_4_1_patch1/.SCRAM/slc6_amd64_gcc491/timestamps/rootfoam
forCondor_stopBabyMaker_74x/CMSSW_7_4_1_patch1/.SCRAM/slc6_amd64_gcc491/timestamps/clhepheader
forCondor_stopBabyMaker_74x/CMSSW_7_4_1_patch1/.SCRAM/slc6_amd64_gcc491/timestamps/boost_regex
forCondor_stopBabyMaker_74x/CMSSW_7_4_1_patch1/.SCRAM/slc6_amd64_gcc491/timestamps/jemalloc
forCondor_stopBabyMaker_74x/CMSSW_7_4_1_patch1/.SCRAM/slc6_amd64_gcc491/timestamps/photos
forCondor_stopBabyMaker_74x/CMSSW_7_4_1_patch1/.SCRAM/slc6_amd64_gcc491/timestamps/tauola_headers
forCondor_stopBabyMaker_74x/CMSSW_7_4_1_patch1/.SCRAM/slc6_amd64_gcc491/timestamps/herwig
forCondor_stopBabyMaker_74x/CMSSW_7_4_1_patch1/.SCRAM/slc6_amd64_gcc491/timestamps/cascade
forCondor_stopBabyMaker_74x/CMSSW_7_4_1_patch1/.SCRAM/slc6_amd64_gcc491/timestamps/evtgenlhc
forCondor_stopBabyMaker_74x/CMSSW_7_4_1_patch1/.SCRAM/slc6_amd64_gcc491/timestamps/gdbm
forCondor_stopBabyMaker_74x/CMSSW_7_4_1_patch1/.SCRAM/slc6_amd64_gcc491/timestamps/sigcpp
forCondor_stopBabyMaker_74x/CMSSW_7_4_1_patch1/.SCRAM/slc6_amd64_gcc491/timestamps/pcre
forCondor_stopBabyMaker_74x/CMSSW_7_4_1_patch1/.SCRAM/slc6_amd64_gcc491/timestamps/fastjet
forCondor_stopBabyMaker_74x/CMSSW_7_4_1_patch1/.SCRAM/slc6_amd64_gcc491/timestamps/toprex
forCondor_stopBabyMaker_74x/CMSSW_7_4_1_patch1/.SCRAM/slc6_amd64_gcc491/timestamps/boost_filesystem
forCondor_stopBabyMaker_74x/CMSSW_7_4_1_patch1/.SCRAM/slc6_amd64_gcc491/timestamps/py2-ipython
forCondor_stopBabyMaker_74x/CMSSW_7_4_1_patch1/.SCRAM/slc6_amd64_gcc491/timestamps/py2-numpy
forCondor_stopBabyMaker_74x/CMSSW_7_4_1_patch1/.SCRAM/slc6_amd64_gcc491/timestamps/gcc-ccompiler
forCondor_stopBabyMaker_74x/CMSSW_7_4_1_patch1/.SCRAM/slc6_amd64_gcc491/timestamps/zlib
forCondor_stopBabyMaker_74x/CMSSW_7_4_1_patch1/.SCRAM/slc6_amd64_gcc491/timestamps/rootgpad
forCondor_stopBabyMaker_74x/CMSSW_7_4_1_patch1/.SCRAM/slc6_amd64_gcc491/timestamps/frontier_client
forCondor_stopBabyMaker_74x/CMSSW_7_4_1_patch1/.SCRAM/slc6_amd64_gcc491/timestamps/rootinteractive
forCondor_stopBabyMaker_74x/CMSSW_7_4_1_patch1/.SCRAM/slc6_amd64_gcc491/timestamps/rootcore
forCondor_stopBabyMaker_74x/CMSSW_7_4_1_patch1/.SCRAM/slc6_amd64_gcc491/timestamps/py2-pycurl
forCondor_stopBabyMaker_74x/CMSSW_7_4_1_patch1/.SCRAM/slc6_amd64_gcc491/timestamps/rootthread
forCondor_stopBabyMaker_74x/CMSSW_7_4_1_patch1/.SCRAM/slc6_amd64_gcc491/timestamps/meschach
forCondor_stopBabyMaker_74x/CMSSW_7_4_1_patch1/.SCRAM/slc6_amd64_gcc491/timestamps/libxml2
forCondor_stopBabyMaker_74x/CMSSW_7_4_1_patch1/.SCRAM/slc6_amd64_gcc491/timestamps/coral
forCondor_stopBabyMaker_74x/CMSSW_7_4_1_patch1/.SCRAM/slc6_amd64_gcc491/timestamps/dbs-client
forCondor_stopBabyMaker_74x/CMSSW_7_4_1_patch1/.SCRAM/slc6_amd64_gcc491/timestamps/cmssw
forCondor_stopBabyMaker_74x/CMSSW_7_4_1_patch1/.SCRAM/slc6_amd64_gcc491/timestamps/yoda
forCondor_stopBabyMaker_74x/CMSSW_7_4_1_patch1/.SCRAM/slc6_amd64_gcc491/timestamps/sockets
forCondor_stopBabyMaker_74x/CMSSW_7_4_1_patch1/.SCRAM/slc6_amd64_gcc491/timestamps/db4
forCondor_stopBabyMaker_74x/CMSSW_7_4_1_patch1/.SCRAM/slc6_amd64_gcc491/timestamps/doxygen
forCondor_stopBabyMaker_74x/CMSSW_7_4_1_patch1/.SCRAM/slc6_amd64_gcc491/timestamps/libuuid
forCondor_stopBabyMaker_74x/CMSSW_7_4_1_patch1/.SCRAM/slc6_amd64_gcc491/timestamps/fastjet-contrib
forCondor_stopBabyMaker_74x/CMSSW_7_4_1_patch1/.SCRAM/slc6_amd64_gcc491/timestamps/xerces-c
forCondor_stopBabyMaker_74x/CMSSW_7_4_1_patch1/.SCRAM/slc6_amd64_gcc491/timestamps/valgrind
forCondor_stopBabyMaker_74x/CMSSW_7_4_1_patch1/.SCRAM/slc6_amd64_gcc491/timestamps/rootrio
forCondor_stopBabyMaker_74x/CMSSW_7_4_1_patch1/.SCRAM/slc6_amd64_gcc491/timestamps/ccache-f77compiler
forCondor_stopBabyMaker_74x/CMSSW_7_4_1_patch1/.SCRAM/slc6_amd64_gcc491/timestamps/py2-pygithub
forCondor_stopBabyMaker_74x/CMSSW_7_4_1_patch1/.SCRAM/slc6_amd64_gcc491/timestamps/gmp
forCondor_stopBabyMaker_74x/CMSSW_7_4_1_patch1/.SCRAM/slc6_amd64_gcc491/timestamps/openldap
forCondor_stopBabyMaker_74x/CMSSW_7_4_1_patch1/.SCRAM/slc6_amd64_gcc491/timestamps/ccache-cxxcompiler
forCondor_stopBabyMaker_74x/CMSSW_7_4_1_patch1/.SCRAM/slc6_amd64_gcc491/timestamps/xrootd
forCondor_stopBabyMaker_74x/CMSSW_7_4_1_patch1/.SCRAM/slc6_amd64_gcc491/timestamps/rivet
forCondor_stopBabyMaker_74x/CMSSW_7_4_1_patch1/.SCRAM/slc6_amd64_gcc491/timestamps/qt3support
forCondor_stopBabyMaker_74x/CMSSW_7_4_1_patch1/.SCRAM/slc6_amd64_gcc491/timestamps/sherpa
forCondor_stopBabyMaker_74x/CMSSW_7_4_1_patch1/.SCRAM/slc6_amd64_gcc491/timestamps/gcc-cxxcompiler
forCondor_stopBabyMaker_74x/CMSSW_7_4_1_patch1/.SCRAM/slc6_amd64_gcc491/timestamps/rootguihtml
forCondor_stopBabyMaker_74x/CMSSW_7_4_1_patch1/.SCRAM/slc6_amd64_gcc491/timestamps/libjpg
forCondor_stopBabyMaker_74x/CMSSW_7_4_1_patch1/.SCRAM/slc6_amd64_gcc491/timestamps/gmake
forCondor_stopBabyMaker_74x/CMSSW_7_4_1_patch1/.SCRAM/slc6_amd64_gcc491/timestamps/py2-jinja
forCondor_stopBabyMaker_74x/CMSSW_7_4_1_patch1/.SCRAM/slc6_amd64_gcc491/ToolCache.db.gz
forCondor_stopBabyMaker_74x/CMSSW_7_4_1_patch1/.SCRAM/slc6_amd64_gcc491/RuntimeCache.db.gz
forCondor_stopBabyMaker_74x/CMSSW_7_4_1_patch1/.SCRAM/slc6_amd64_gcc491/Environment
forCondor_stopBabyMaker_74x/CMSSW_7_4_1_patch1/.SCRAM/Environment
forCondor_stopBabyMaker_74x/CMSSW_7_4_1_patch1/test/
forCondor_stopBabyMaker_74x/CMSSW_7_4_1_patch1/test/slc6_amd64_gcc491/
forCondor_stopBabyMaker_74x/CMSSW_7_4_1_patch1/src/
forCondor_stopBabyMaker_74x/CMSSW_7_4_1_patch1/bin/
forCondor_stopBabyMaker_74x/CMSSW_7_4_1_patch1/bin/slc6_amd64_gcc491/
forCondor_stopBabyMaker_74x/CMSSW_7_4_1_patch1/doc/
forCondor_stopBabyMaker_74x/CMSSW_7_4_1_patch1/include/
LS to check that tarball was unpacked: 
_condor_stderr
_condor_stdout
condor_exec.exe
forCondor_stopBabyMaker_74x
forCondor_stopBabyMaker_74x.tar.gz
wlcg-mjf-job-features
wlcg-rmjf-job-status
x509up_u31589
LS to check contents of unpacked CMSSW: 
 
G++ INFORMATION
g++ (GCC) 4.4.7 20120313 (Red Hat 4.4.7-3)
Copyright (C) 2010 Free Software Foundation, Inc.
This is free software; see the source for copying conditions.  There is NO
warranty; not even for MERCHANTABILITY or FITNESS FOR A PARTICULAR PURPOSE.

/usr/bin/g++
/cvmfs/cms.cern.ch/slc6_amd64_gcc491/cms/cmssw/CMSSW_7_4_1/src /data8/condor_local/execute/dir_7102/forCondor_stopBabyMaker_74x/CMSSW_7_4_1_patch1/src
/data8/condor_local/execute/dir_7102/forCondor_stopBabyMaker_74x/CMSSW_7_4_1_patch1/src
copying.  LS is: 
