000 (15768.000.000) 08/11 12:20:42 Job submitted from host: <169.228.130.51:9615?sock=24201_37a9_3>
...
028 (15768.000.000) 08/11 12:20:42 Job ad information event triggered.
JOB_GLIDEIN_Name = "$$(GLIDEIN_Name:Unknown)"
JOB_Site = "$$(GLIDEIN_Site:Unknown)"
Proc = 0
JOB_GLIDEIN_Entry_Name = "$$(GLIDEIN_Entry_Name:Unknown)"
EventTime = "2015-08-11T12:20:42"
TriggerEventTypeName = "ULOG_SUBMIT"
SubmitHost = "<169.228.130.51:9615?sock=24201_37a9_3>"
JOB_GLIDEIN_SiteWMS_Queue = "$$(GLIDEIN_SiteWMS_Queue:Unknown)"
TriggerEventTypeNumber = 0
JOB_GLIDEIN_Site = "$$(GLIDEIN_Site:Unknown)"
JOB_GLIDEIN_SiteWMS_JobId = "$$(GLIDEIN_SiteWMS_JobId:Unknown)"
MyType = "SubmitEvent"
JOB_GLIDEIN_ProcId = "$$(GLIDEIN_ProcId:Unknown)"
JOB_GLIDEIN_Schedd = "$$(GLIDEIN_Schedd:Unknown)"
JOB_GLIDEIN_ClusterId = "$$(GLIDEIN_ClusterId:Unknown)"
Cluster = 15768
JOB_GLIDEIN_Factory = "$$(GLIDEIN_Factory:Unknown)"
JOB_GLIDEIN_SiteWMS_Slot = "$$(GLIDEIN_SiteWMS_Slot:Unknown)"
Subproc = 0
EventTypeNumber = 28
CurrentTime = time()
JOB_GLIDEIN_SiteWMS = "$$(GLIDEIN_SiteWMS:Unknown)"
...
012 (15768.000.000) 08/11 12:22:15 Job was held.
	Error connecting to schedd cmssubmit-r1.t2.ucsd.edu: SECMAN:2007:could not receive post_auth_info.|AUTHENTICATE:1004:Failed to authenticate using FS
	Code 0 Subcode 0
...
028 (15768.000.000) 08/11 12:22:15 Job ad information event triggered.
JOB_GLIDEIN_Name = "$$(GLIDEIN_Name:Unknown)"
JOB_GLIDEIN_ClusterId = "$$(GLIDEIN_ClusterId:Unknown)"
JOB_GLIDEIN_SiteWMS = "$$(GLIDEIN_SiteWMS:Unknown)"
EventTypeNumber = 28
Subproc = 0
JOB_GLIDEIN_SiteWMS_Slot = "$$(GLIDEIN_SiteWMS_Slot:Unknown)"
MyType = "JobHeldEvent"
TriggerEventTypeName = "ULOG_JOB_HELD"
JOB_Site = "$$(GLIDEIN_Site:Unknown)"
JOB_GLIDEIN_Site = "$$(GLIDEIN_Site:Unknown)"
Proc = 0
EventTime = "2015-08-11T12:22:15"
TriggerEventTypeNumber = 12
HoldReason = "Error connecting to schedd cmssubmit-r1.t2.ucsd.edu: SECMAN:2007:could not receive post_auth_info.|AUTHENTICATE:1004:Failed to authenticate using FS"
CurrentTime = time()
HoldReasonCode = 0
JOB_GLIDEIN_Schedd = "$$(GLIDEIN_Schedd:Unknown)"
Cluster = 15768
JOB_GLIDEIN_Entry_Name = "$$(GLIDEIN_Entry_Name:Unknown)"
JOB_GLIDEIN_ProcId = "$$(GLIDEIN_ProcId:Unknown)"
JOB_GLIDEIN_Factory = "$$(GLIDEIN_Factory:Unknown)"
JOB_GLIDEIN_SiteWMS_Queue = "$$(GLIDEIN_SiteWMS_Queue:Unknown)"
HoldReasonSubCode = 0
JOB_GLIDEIN_SiteWMS_JobId = "$$(GLIDEIN_SiteWMS_JobId:Unknown)"
...
009 (15768.000.000) 08/11 14:45:19 Job was aborted by the user.
	via condor_rm (by user bhashemi)
...
028 (15768.000.000) 08/11 14:45:19 Job ad information event triggered.
JOB_GLIDEIN_Name = "$$(GLIDEIN_Name:Unknown)"
JOB_Site = "$$(GLIDEIN_Site:Unknown)"
Proc = 0
JOB_GLIDEIN_Entry_Name = "$$(GLIDEIN_Entry_Name:Unknown)"
EventTime = "2015-08-11T14:45:19"
TriggerEventTypeName = "ULOG_JOB_ABORTED"
JOB_GLIDEIN_SiteWMS_Queue = "$$(GLIDEIN_SiteWMS_Queue:Unknown)"
TriggerEventTypeNumber = 9
JOB_GLIDEIN_Site = "$$(GLIDEIN_Site:Unknown)"
JOB_GLIDEIN_SiteWMS_JobId = "$$(GLIDEIN_SiteWMS_JobId:Unknown)"
MyType = "JobAbortedEvent"
JOB_GLIDEIN_ProcId = "$$(GLIDEIN_ProcId:Unknown)"
JOB_GLIDEIN_Schedd = "$$(GLIDEIN_Schedd:Unknown)"
JOB_GLIDEIN_ClusterId = "$$(GLIDEIN_ClusterId:Unknown)"
Cluster = 15768
JOB_GLIDEIN_Factory = "$$(GLIDEIN_Factory:Unknown)"
Reason = "via condor_rm (by user bhashemi)"
JOB_GLIDEIN_SiteWMS_Slot = "$$(GLIDEIN_SiteWMS_Slot:Unknown)"
Subproc = 0
EventTypeNumber = 28
CurrentTime = time()
JOB_GLIDEIN_SiteWMS = "$$(GLIDEIN_SiteWMS:Unknown)"
...
000 (15968.000.000) 08/11 14:49:37 Job submitted from host: <169.228.130.51:9615?sock=24201_37a9_3>
...
028 (15968.000.000) 08/11 14:49:37 Job ad information event triggered.
JOB_GLIDEIN_Name = "$$(GLIDEIN_Name:Unknown)"
JOB_Site = "$$(GLIDEIN_Site:Unknown)"
Proc = 0
JOB_GLIDEIN_Entry_Name = "$$(GLIDEIN_Entry_Name:Unknown)"
EventTime = "2015-08-11T14:49:37"
TriggerEventTypeName = "ULOG_SUBMIT"
SubmitHost = "<169.228.130.51:9615?sock=24201_37a9_3>"
JOB_GLIDEIN_SiteWMS_Queue = "$$(GLIDEIN_SiteWMS_Queue:Unknown)"
TriggerEventTypeNumber = 0
JOB_GLIDEIN_Site = "$$(GLIDEIN_Site:Unknown)"
JOB_GLIDEIN_SiteWMS_JobId = "$$(GLIDEIN_SiteWMS_JobId:Unknown)"
MyType = "SubmitEvent"
JOB_GLIDEIN_ProcId = "$$(GLIDEIN_ProcId:Unknown)"
JOB_GLIDEIN_Schedd = "$$(GLIDEIN_Schedd:Unknown)"
JOB_GLIDEIN_ClusterId = "$$(GLIDEIN_ClusterId:Unknown)"
Cluster = 15968
JOB_GLIDEIN_Factory = "$$(GLIDEIN_Factory:Unknown)"
JOB_GLIDEIN_SiteWMS_Slot = "$$(GLIDEIN_SiteWMS_Slot:Unknown)"
Subproc = 0
EventTypeNumber = 28
CurrentTime = time()
JOB_GLIDEIN_SiteWMS = "$$(GLIDEIN_SiteWMS:Unknown)"
...
012 (15968.000.000) 08/11 14:50:31 Job was held.
	Error connecting to schedd cmssubmit-r1.t2.ucsd.edu: SECMAN:2007:could not receive post_auth_info.|AUTHENTICATE:1004:Failed to authenticate using FS
	Code 0 Subcode 0
...
028 (15968.000.000) 08/11 14:50:31 Job ad information event triggered.
JOB_GLIDEIN_Name = "$$(GLIDEIN_Name:Unknown)"
JOB_GLIDEIN_ClusterId = "$$(GLIDEIN_ClusterId:Unknown)"
JOB_GLIDEIN_SiteWMS = "$$(GLIDEIN_SiteWMS:Unknown)"
EventTypeNumber = 28
Subproc = 0
JOB_GLIDEIN_SiteWMS_Slot = "$$(GLIDEIN_SiteWMS_Slot:Unknown)"
MyType = "JobHeldEvent"
TriggerEventTypeName = "ULOG_JOB_HELD"
JOB_Site = "$$(GLIDEIN_Site:Unknown)"
JOB_GLIDEIN_Site = "$$(GLIDEIN_Site:Unknown)"
Proc = 0
EventTime = "2015-08-11T14:50:31"
TriggerEventTypeNumber = 12
HoldReason = "Error connecting to schedd cmssubmit-r1.t2.ucsd.edu: SECMAN:2007:could not receive post_auth_info.|AUTHENTICATE:1004:Failed to authenticate using FS"
CurrentTime = time()
HoldReasonCode = 0
JOB_GLIDEIN_Schedd = "$$(GLIDEIN_Schedd:Unknown)"
Cluster = 15968
JOB_GLIDEIN_Entry_Name = "$$(GLIDEIN_Entry_Name:Unknown)"
JOB_GLIDEIN_ProcId = "$$(GLIDEIN_ProcId:Unknown)"
JOB_GLIDEIN_Factory = "$$(GLIDEIN_Factory:Unknown)"
JOB_GLIDEIN_SiteWMS_Queue = "$$(GLIDEIN_SiteWMS_Queue:Unknown)"
HoldReasonSubCode = 0
JOB_GLIDEIN_SiteWMS_JobId = "$$(GLIDEIN_SiteWMS_JobId:Unknown)"
...
009 (15968.000.000) 08/11 15:02:46 Job was aborted by the user.
	via condor_rm (by user bhashemi)
...
028 (15968.000.000) 08/11 15:02:46 Job ad information event triggered.
JOB_GLIDEIN_Name = "$$(GLIDEIN_Name:Unknown)"
JOB_Site = "$$(GLIDEIN_Site:Unknown)"
Proc = 0
JOB_GLIDEIN_Entry_Name = "$$(GLIDEIN_Entry_Name:Unknown)"
EventTime = "2015-08-11T15:02:46"
TriggerEventTypeName = "ULOG_JOB_ABORTED"
JOB_GLIDEIN_SiteWMS_Queue = "$$(GLIDEIN_SiteWMS_Queue:Unknown)"
TriggerEventTypeNumber = 9
JOB_GLIDEIN_Site = "$$(GLIDEIN_Site:Unknown)"
JOB_GLIDEIN_SiteWMS_JobId = "$$(GLIDEIN_SiteWMS_JobId:Unknown)"
MyType = "JobAbortedEvent"
JOB_GLIDEIN_ProcId = "$$(GLIDEIN_ProcId:Unknown)"
JOB_GLIDEIN_Schedd = "$$(GLIDEIN_Schedd:Unknown)"
JOB_GLIDEIN_ClusterId = "$$(GLIDEIN_ClusterId:Unknown)"
Cluster = 15968
JOB_GLIDEIN_Factory = "$$(GLIDEIN_Factory:Unknown)"
Reason = "via condor_rm (by user bhashemi)"
JOB_GLIDEIN_SiteWMS_Slot = "$$(GLIDEIN_SiteWMS_Slot:Unknown)"
Subproc = 0
EventTypeNumber = 28
CurrentTime = time()
JOB_GLIDEIN_SiteWMS = "$$(GLIDEIN_SiteWMS:Unknown)"
...
000 (16194.000.000) 08/11 15:03:09 Job submitted from host: <169.228.130.51:9615?sock=24201_37a9_3>
...
028 (16194.000.000) 08/11 15:03:09 Job ad information event triggered.
JOB_GLIDEIN_Name = "$$(GLIDEIN_Name:Unknown)"
JOB_Site = "$$(GLIDEIN_Site:Unknown)"
Proc = 0
JOB_GLIDEIN_Entry_Name = "$$(GLIDEIN_Entry_Name:Unknown)"
EventTime = "2015-08-11T15:03:09"
TriggerEventTypeName = "ULOG_SUBMIT"
SubmitHost = "<169.228.130.51:9615?sock=24201_37a9_3>"
JOB_GLIDEIN_SiteWMS_Queue = "$$(GLIDEIN_SiteWMS_Queue:Unknown)"
TriggerEventTypeNumber = 0
JOB_GLIDEIN_Site = "$$(GLIDEIN_Site:Unknown)"
JOB_GLIDEIN_SiteWMS_JobId = "$$(GLIDEIN_SiteWMS_JobId:Unknown)"
MyType = "SubmitEvent"
JOB_GLIDEIN_ProcId = "$$(GLIDEIN_ProcId:Unknown)"
JOB_GLIDEIN_Schedd = "$$(GLIDEIN_Schedd:Unknown)"
JOB_GLIDEIN_ClusterId = "$$(GLIDEIN_ClusterId:Unknown)"
Cluster = 16194
JOB_GLIDEIN_Factory = "$$(GLIDEIN_Factory:Unknown)"
JOB_GLIDEIN_SiteWMS_Slot = "$$(GLIDEIN_SiteWMS_Slot:Unknown)"
Subproc = 0
EventTypeNumber = 28
CurrentTime = time()
JOB_GLIDEIN_SiteWMS = "$$(GLIDEIN_SiteWMS:Unknown)"
...
012 (16194.000.000) 08/11 15:04:07 Job was held.
	Error connecting to schedd cmssubmit-r1.t2.ucsd.edu: SECMAN:2007:could not receive post_auth_info.|AUTHENTICATE:1004:Failed to authenticate using FS
	Code 0 Subcode 0
...
028 (16194.000.000) 08/11 15:04:07 Job ad information event triggered.
JOB_GLIDEIN_Name = "$$(GLIDEIN_Name:Unknown)"
JOB_GLIDEIN_ClusterId = "$$(GLIDEIN_ClusterId:Unknown)"
JOB_GLIDEIN_SiteWMS = "$$(GLIDEIN_SiteWMS:Unknown)"
EventTypeNumber = 28
Subproc = 0
JOB_GLIDEIN_SiteWMS_Slot = "$$(GLIDEIN_SiteWMS_Slot:Unknown)"
MyType = "JobHeldEvent"
TriggerEventTypeName = "ULOG_JOB_HELD"
JOB_Site = "$$(GLIDEIN_Site:Unknown)"
JOB_GLIDEIN_Site = "$$(GLIDEIN_Site:Unknown)"
Proc = 0
EventTime = "2015-08-11T15:04:07"
TriggerEventTypeNumber = 12
HoldReason = "Error connecting to schedd cmssubmit-r1.t2.ucsd.edu: SECMAN:2007:could not receive post_auth_info.|AUTHENTICATE:1004:Failed to authenticate using FS"
CurrentTime = time()
HoldReasonCode = 0
JOB_GLIDEIN_Schedd = "$$(GLIDEIN_Schedd:Unknown)"
Cluster = 16194
JOB_GLIDEIN_Entry_Name = "$$(GLIDEIN_Entry_Name:Unknown)"
JOB_GLIDEIN_ProcId = "$$(GLIDEIN_ProcId:Unknown)"
JOB_GLIDEIN_Factory = "$$(GLIDEIN_Factory:Unknown)"
JOB_GLIDEIN_SiteWMS_Queue = "$$(GLIDEIN_SiteWMS_Queue:Unknown)"
HoldReasonSubCode = 0
JOB_GLIDEIN_SiteWMS_JobId = "$$(GLIDEIN_SiteWMS_JobId:Unknown)"
...
009 (16194.000.000) 08/12 10:31:24 Job was aborted by the user.
	via condor_rm (by user bhashemi)
...
028 (16194.000.000) 08/12 10:31:24 Job ad information event triggered.
JOB_GLIDEIN_Name = "$$(GLIDEIN_Name:Unknown)"
JOB_Site = "$$(GLIDEIN_Site:Unknown)"
Proc = 0
JOB_GLIDEIN_Entry_Name = "$$(GLIDEIN_Entry_Name:Unknown)"
EventTime = "2015-08-12T10:31:24"
TriggerEventTypeName = "ULOG_JOB_ABORTED"
JOB_GLIDEIN_SiteWMS_Queue = "$$(GLIDEIN_SiteWMS_Queue:Unknown)"
TriggerEventTypeNumber = 9
JOB_GLIDEIN_Site = "$$(GLIDEIN_Site:Unknown)"
JOB_GLIDEIN_SiteWMS_JobId = "$$(GLIDEIN_SiteWMS_JobId:Unknown)"
MyType = "JobAbortedEvent"
JOB_GLIDEIN_ProcId = "$$(GLIDEIN_ProcId:Unknown)"
JOB_GLIDEIN_Schedd = "$$(GLIDEIN_Schedd:Unknown)"
JOB_GLIDEIN_ClusterId = "$$(GLIDEIN_ClusterId:Unknown)"
Cluster = 16194
JOB_GLIDEIN_Factory = "$$(GLIDEIN_Factory:Unknown)"
Reason = "via condor_rm (by user bhashemi)"
JOB_GLIDEIN_SiteWMS_Slot = "$$(GLIDEIN_SiteWMS_Slot:Unknown)"
Subproc = 0
EventTypeNumber = 28
CurrentTime = time()
JOB_GLIDEIN_SiteWMS = "$$(GLIDEIN_SiteWMS:Unknown)"
...
000 (16421.000.000) 08/12 10:32:49 Job submitted from host: <169.228.130.51:9615?sock=24201_37a9_3>
...
028 (16421.000.000) 08/12 10:32:49 Job ad information event triggered.
JOB_GLIDEIN_Name = "$$(GLIDEIN_Name:Unknown)"
JOB_Site = "$$(GLIDEIN_Site:Unknown)"
Proc = 0
JOB_GLIDEIN_Entry_Name = "$$(GLIDEIN_Entry_Name:Unknown)"
EventTime = "2015-08-12T10:32:49"
TriggerEventTypeName = "ULOG_SUBMIT"
SubmitHost = "<169.228.130.51:9615?sock=24201_37a9_3>"
JOB_GLIDEIN_SiteWMS_Queue = "$$(GLIDEIN_SiteWMS_Queue:Unknown)"
TriggerEventTypeNumber = 0
JOB_GLIDEIN_Site = "$$(GLIDEIN_Site:Unknown)"
JOB_GLIDEIN_SiteWMS_JobId = "$$(GLIDEIN_SiteWMS_JobId:Unknown)"
MyType = "SubmitEvent"
JOB_GLIDEIN_ProcId = "$$(GLIDEIN_ProcId:Unknown)"
JOB_GLIDEIN_Schedd = "$$(GLIDEIN_Schedd:Unknown)"
JOB_GLIDEIN_ClusterId = "$$(GLIDEIN_ClusterId:Unknown)"
Cluster = 16421
JOB_GLIDEIN_Factory = "$$(GLIDEIN_Factory:Unknown)"
JOB_GLIDEIN_SiteWMS_Slot = "$$(GLIDEIN_SiteWMS_Slot:Unknown)"
Subproc = 0
EventTypeNumber = 28
CurrentTime = time()
JOB_GLIDEIN_SiteWMS = "$$(GLIDEIN_SiteWMS:Unknown)"
...
027 (16421.000.000) 08/12 10:33:01 Job submitted to grid resource
    GridResource: condor osg-gw-4.t2.ucsd.edu osg-gw-4.t2.ucsd.edu:9619
    GridJobId: condor osg-gw-4.t2.ucsd.edu osg-gw-4.t2.ucsd.edu:9619 1385545.0
...
028 (16421.000.000) 08/12 10:33:01 Job ad information event triggered.
JOB_Site = "$$(GLIDEIN_Site:Unknown)"
JOB_GLIDEIN_Name = "$$(GLIDEIN_Name:Unknown)"
Proc = 0
JOB_GLIDEIN_Entry_Name = "$$(GLIDEIN_Entry_Name:Unknown)"
EventTime = "2015-08-12T10:33:01"
TriggerEventTypeName = "ULOG_GRID_SUBMIT"
JOB_GLIDEIN_SiteWMS_Queue = "$$(GLIDEIN_SiteWMS_Queue:Unknown)"
GridResource = "condor osg-gw-4.t2.ucsd.edu osg-gw-4.t2.ucsd.edu:9619"
TriggerEventTypeNumber = 27
JOB_GLIDEIN_Site = "$$(GLIDEIN_Site:Unknown)"
JOB_GLIDEIN_SiteWMS_JobId = "$$(GLIDEIN_SiteWMS_JobId:Unknown)"
MyType = "GridSubmitEvent"
JOB_GLIDEIN_ProcId = "$$(GLIDEIN_ProcId:Unknown)"
JOB_GLIDEIN_Schedd = "$$(GLIDEIN_Schedd:Unknown)"
JOB_GLIDEIN_ClusterId = "$$(GLIDEIN_ClusterId:Unknown)"
Cluster = 16421
JOB_GLIDEIN_Factory = "$$(GLIDEIN_Factory:Unknown)"
GridJobId = "condor osg-gw-4.t2.ucsd.edu osg-gw-4.t2.ucsd.edu:9619 1385545.0"
JOB_GLIDEIN_SiteWMS_Slot = "$$(GLIDEIN_SiteWMS_Slot:Unknown)"
Subproc = 0
EventTypeNumber = 28
CurrentTime = time()
JOB_GLIDEIN_SiteWMS = "$$(GLIDEIN_SiteWMS:Unknown)"
...
009 (16421.000.000) 08/12 10:33:50 Job was aborted by the user.
	via condor_rm (by user bhashemi)
...
028 (16421.000.000) 08/12 10:33:50 Job ad information event triggered.
JOB_GLIDEIN_Name = "$$(GLIDEIN_Name:Unknown)"
JOB_Site = "$$(GLIDEIN_Site:Unknown)"
Proc = 0
JOB_GLIDEIN_Entry_Name = "$$(GLIDEIN_Entry_Name:Unknown)"
EventTime = "2015-08-12T10:33:50"
TriggerEventTypeName = "ULOG_JOB_ABORTED"
JOB_GLIDEIN_SiteWMS_Queue = "$$(GLIDEIN_SiteWMS_Queue:Unknown)"
TriggerEventTypeNumber = 9
JOB_GLIDEIN_Site = "$$(GLIDEIN_Site:Unknown)"
JOB_GLIDEIN_SiteWMS_JobId = "$$(GLIDEIN_SiteWMS_JobId:Unknown)"
MyType = "JobAbortedEvent"
JOB_GLIDEIN_ProcId = "$$(GLIDEIN_ProcId:Unknown)"
JOB_GLIDEIN_Schedd = "$$(GLIDEIN_Schedd:Unknown)"
JOB_GLIDEIN_ClusterId = "$$(GLIDEIN_ClusterId:Unknown)"
Cluster = 16421
JOB_GLIDEIN_Factory = "$$(GLIDEIN_Factory:Unknown)"
Reason = "via condor_rm (by user bhashemi)"
JOB_GLIDEIN_SiteWMS_Slot = "$$(GLIDEIN_SiteWMS_Slot:Unknown)"
Subproc = 0
EventTypeNumber = 28
CurrentTime = time()
JOB_GLIDEIN_SiteWMS = "$$(GLIDEIN_SiteWMS:Unknown)"
...
000 (16451.000.000) 08/12 10:34:30 Job submitted from host: <169.228.130.51:9615?sock=24201_37a9_3>
...
028 (16451.000.000) 08/12 10:34:30 Job ad information event triggered.
JOB_GLIDEIN_Name = "$$(GLIDEIN_Name:Unknown)"
JOB_Site = "$$(GLIDEIN_Site:Unknown)"
Proc = 0
JOB_GLIDEIN_Entry_Name = "$$(GLIDEIN_Entry_Name:Unknown)"
EventTime = "2015-08-12T10:34:30"
TriggerEventTypeName = "ULOG_SUBMIT"
SubmitHost = "<169.228.130.51:9615?sock=24201_37a9_3>"
JOB_GLIDEIN_SiteWMS_Queue = "$$(GLIDEIN_SiteWMS_Queue:Unknown)"
TriggerEventTypeNumber = 0
JOB_GLIDEIN_Site = "$$(GLIDEIN_Site:Unknown)"
JOB_GLIDEIN_SiteWMS_JobId = "$$(GLIDEIN_SiteWMS_JobId:Unknown)"
MyType = "SubmitEvent"
JOB_GLIDEIN_ProcId = "$$(GLIDEIN_ProcId:Unknown)"
JOB_GLIDEIN_Schedd = "$$(GLIDEIN_Schedd:Unknown)"
JOB_GLIDEIN_ClusterId = "$$(GLIDEIN_ClusterId:Unknown)"
Cluster = 16451
JOB_GLIDEIN_Factory = "$$(GLIDEIN_Factory:Unknown)"
JOB_GLIDEIN_SiteWMS_Slot = "$$(GLIDEIN_SiteWMS_Slot:Unknown)"
Subproc = 0
EventTypeNumber = 28
CurrentTime = time()
JOB_GLIDEIN_SiteWMS = "$$(GLIDEIN_SiteWMS:Unknown)"
...
027 (16451.000.000) 08/12 10:34:37 Job submitted to grid resource
    GridResource: condor osg-gw-4.t2.ucsd.edu osg-gw-4.t2.ucsd.edu:9619
    GridJobId: condor osg-gw-4.t2.ucsd.edu osg-gw-4.t2.ucsd.edu:9619 1385567.0
...
028 (16451.000.000) 08/12 10:34:37 Job ad information event triggered.
JOB_Site = "$$(GLIDEIN_Site:Unknown)"
JOB_GLIDEIN_Name = "$$(GLIDEIN_Name:Unknown)"
Proc = 0
JOB_GLIDEIN_Entry_Name = "$$(GLIDEIN_Entry_Name:Unknown)"
EventTime = "2015-08-12T10:34:37"
TriggerEventTypeName = "ULOG_GRID_SUBMIT"
JOB_GLIDEIN_SiteWMS_Queue = "$$(GLIDEIN_SiteWMS_Queue:Unknown)"
GridResource = "condor osg-gw-4.t2.ucsd.edu osg-gw-4.t2.ucsd.edu:9619"
TriggerEventTypeNumber = 27
JOB_GLIDEIN_Site = "$$(GLIDEIN_Site:Unknown)"
JOB_GLIDEIN_SiteWMS_JobId = "$$(GLIDEIN_SiteWMS_JobId:Unknown)"
MyType = "GridSubmitEvent"
JOB_GLIDEIN_ProcId = "$$(GLIDEIN_ProcId:Unknown)"
JOB_GLIDEIN_Schedd = "$$(GLIDEIN_Schedd:Unknown)"
JOB_GLIDEIN_ClusterId = "$$(GLIDEIN_ClusterId:Unknown)"
Cluster = 16451
JOB_GLIDEIN_Factory = "$$(GLIDEIN_Factory:Unknown)"
GridJobId = "condor osg-gw-4.t2.ucsd.edu osg-gw-4.t2.ucsd.edu:9619 1385567.0"
JOB_GLIDEIN_SiteWMS_Slot = "$$(GLIDEIN_SiteWMS_Slot:Unknown)"
Subproc = 0
EventTypeNumber = 28
CurrentTime = time()
JOB_GLIDEIN_SiteWMS = "$$(GLIDEIN_SiteWMS:Unknown)"
...
005 (16451.000.000) 08/12 21:09:10 Job terminated.
	(1) Normal termination (return value 1)
		Usr 0 00:00:00, Sys 0 00:00:00  -  Run Remote Usage
		Usr 0 00:00:00, Sys 0 00:00:00  -  Run Local Usage
		Usr 0 00:00:00, Sys 0 00:00:00  -  Total Remote Usage
		Usr 0 00:00:00, Sys 0 00:00:00  -  Total Local Usage
	0  -  Run Bytes Sent By Job
	0  -  Run Bytes Received By Job
	0  -  Total Bytes Sent By Job
	0  -  Total Bytes Received By Job
...
028 (16451.000.000) 08/12 21:09:10 Job ad information event triggered.
SentBytes = 0.0
JOB_GLIDEIN_Name = "$$(GLIDEIN_Name:Unknown)"
TerminatedNormally = true
ReturnValue = 1
JOB_GLIDEIN_ClusterId = "$$(GLIDEIN_ClusterId:Unknown)"
JOB_GLIDEIN_SiteWMS = "$$(GLIDEIN_SiteWMS:Unknown)"
EventTypeNumber = 28
Subproc = 0
ReceivedBytes = 0.0
JOB_GLIDEIN_SiteWMS_Slot = "$$(GLIDEIN_SiteWMS_Slot:Unknown)"
MyType = "JobTerminatedEvent"
TriggerEventTypeName = "ULOG_JOB_TERMINATED"
TotalRemoteUsage = "Usr 0 00:00:00, Sys 0 00:00:00"
JOB_Site = "$$(GLIDEIN_Site:Unknown)"
JOB_GLIDEIN_Site = "$$(GLIDEIN_Site:Unknown)"
Proc = 0
EventTime = "2015-08-12T21:09:10"
TotalSentBytes = 0.0
TriggerEventTypeNumber = 5
CurrentTime = time()
TotalLocalUsage = "Usr 0 00:00:00, Sys 0 00:00:00"
JOB_GLIDEIN_Schedd = "$$(GLIDEIN_Schedd:Unknown)"
Cluster = 16451
RunLocalUsage = "Usr 0 00:00:00, Sys 0 00:00:00"
JOB_GLIDEIN_Entry_Name = "$$(GLIDEIN_Entry_Name:Unknown)"
JOB_GLIDEIN_Factory = "$$(GLIDEIN_Factory:Unknown)"
JOB_GLIDEIN_ProcId = "$$(GLIDEIN_ProcId:Unknown)"
JOB_GLIDEIN_SiteWMS_Queue = "$$(GLIDEIN_SiteWMS_Queue:Unknown)"
RunRemoteUsage = "Usr 0 00:00:00, Sys 0 00:00:00"
JOB_GLIDEIN_SiteWMS_JobId = "$$(GLIDEIN_SiteWMS_JobId:Unknown)"
TotalReceivedBytes = 0.0
...
