ConcurrentReads:VelocityMBps:BufferSize
1    4.79944e+01    1024
1    3.05761e+01    2048
1    7.43337e+01    4096
1    6.92706e+01    8192
1    7.33155e+01    16384
1    8.32262e+01    32768
1    7.85927e+01    65536
1    7.09536e+01    131072
3    1.44026e+02    1024
3    1.25327e+02    1024
3    7.73558e+01    1024
3    1.44547e+02    2048
3    1.19584e+02    2048
3    7.41074e+01    2048
3    1.43169e+02    4096
3    1.22076e+02    4096
3    7.27384e+01    4096
3    1.27774e+02    8192
3    1.08599e+02    8192
3    5.33398e+01    8192
3    1.44277e+02    16384
3    1.21264e+02    16384
3    6.83052e+01    16384
3    1.46750e+02    32768
3    1.27853e+02    32768
3    7.85161e+01    32768
3    1.41897e+02    65536
3    1.09582e+02    65536
3    7.90590e+01    65536
3    1.32432e+02    131072
3    1.27388e+02    131072
3    7.22124e+01    131072
6    1.23711e+02    1024
6    1.18428e+02    1024
6    9.78412e+01    1024
6    9.30961e+01    1024
6    8.89483e+01    1024
6    7.06402e+01    1024
6    1.45158e+02    2048
6    1.13650e+02    2048
6    1.09782e+02    2048
6    1.00413e+02    2048
6    8.99852e+01    2048
6    6.08420e+01    2048
6    1.46376e+02    4096
6    1.21080e+02    4096
6    1.14934e+02    4096
6    1.09252e+02    4096
6    9.68050e+01    4096
6    6.18779e+01    4096
6    1.41564e+02    8192
6    1.14558e+02    8192
6    1.02216e+02    8192
6    1.01709e+02    8192
6    6.84732e+01    8192
6    5.85583e+01    8192
6    1.29580e+02    16384
6    1.18585e+02    16384
6    1.09480e+02    16384
6    1.01509e+02    16384
6    9.11832e+01    16384
6    6.45743e+01    16384
6    1.27442e+02    32768
6    1.25710e+02    32768
6    1.18818e+02    32768
6    1.13255e+02    32768
6    1.09628e+02    32768
6    7.32910e+01    32768
6    1.37470e+02    65536
6    1.18813e+02    65536
6    1.10889e+02    65536
6    9.59610e+01    65536
6    8.45041e+01    65536
6    6.62139e+01    65536
6    1.29708e+02    131072
6    1.20232e+02    131072
6    1.12075e+02    131072
6    8.89861e+01    131072
6    8.33593e+01    131072
6    6.92108e+01    131072
10    1.04904e+02    1024
10    1.02142e+02    1024
10    1.01058e+02    1024
10    9.87230e+01    1024
10    8.53000e+01    1024
10    8.31680e+01    1024
10    8.22585e+01    1024
10    7.00606e+01    1024
10    6.26146e+01    1024
10    6.19552e+01    1024
10    9.70641e+01    2048
10    9.66671e+01    2048
10    9.48243e+01    2048
10    9.42778e+01    2048
10    9.34715e+01    2048
10    8.22523e+01    2048
10    8.18965e+01    2048
10    7.96115e+01    2048
10    6.27490e+01    2048
10    5.83806e+01    2048
10    1.01307e+02    4096
10    1.01183e+02    4096
10    9.96435e+01    4096
10    9.84372e+01    4096
10    9.30823e+01    4096
10    8.72050e+01    4096
10    8.50461e+01    4096
10    8.39784e+01    4096
10    6.60497e+01    4096
10    6.60124e+01    4096
10    1.01748e+02    8192
10    9.86863e+01    8192
10    9.51053e+01    8192
10    9.26212e+01    8192
10    9.06317e+01    8192
10    8.51097e+01    8192
10    8.37099e+01    8192
10    7.21041e+01    8192
10    7.05560e+01    8192
10    6.85770e+01    8192
10    1.02906e+02    16384
10    1.01237e+02    16384
10    9.90445e+01    16384
10    9.40345e+01    16384
10    9.25136e+01    16384
10    8.41876e+01    16384
10    8.00162e+01    16384
10    7.76278e+01    16384
10    7.48245e+01    16384
10    6.24929e+01    16384
10    1.02442e+02    32768
10    1.02372e+02    32768
10    1.01602e+02    32768
10    9.71460e+01    32768
10    9.29886e+01    32768
10    9.08410e+01    32768
10    7.72488e+01    32768
10    7.27382e+01    32768
10    7.14972e+01    32768
10    6.56896e+01    32768
10    1.00664e+02    65536
10    9.89954e+01    65536
10    9.59158e+01    65536
10    8.76526e+01    65536
10    8.40532e+01    65536
10    8.23749e+01    65536
10    8.02719e+01    65536
10    7.44758e+01    65536
10    7.35398e+01    65536
10    7.31757e+01    65536
10    1.01404e+02    131072
10    9.99945e+01    131072
10    9.24863e+01    131072
10    9.13990e+01    131072
10    8.73534e+01    131072
10    8.44532e+01    131072
10    8.40189e+01    131072
10    7.49187e+01    131072
10    7.09475e+01    131072
10    6.57815e+01    131072
