ConcurrentReads:VelocityMBps:BufferSize
1    1.05124e+02    1024
1    1.04807e+02    2048
1    1.04531e+02    4096
1    1.04375e+02    8192
1    1.03311e+02    16384
1    1.03365e+02    32768
1    1.04430e+02    65536
1    1.05038e+02    131072
3    2.40525e+01    1024
3    2.12028e+01    1024
3    1.90963e+01    1024
3    2.32767e+01    2048
3    2.22233e+01    2048
3    2.18676e+01    2048
3    4.03093e+01    4096
3    3.99110e+01    4096
3    4.00049e+01    8192
3    3.25025e+01    8192
3    3.24122e+01    8192
3    1.77222e+01    4096
3    3.57065e+01    16384
3    3.39713e+01    16384
3    2.42083e+01    16384
3    3.36946e+01    32768
3    3.34800e+01    32768
3    2.98809e+01    32768
3    4.78345e+01    65536
3    3.46919e+01    65536
3    3.32213e+01    65536
3    3.66953e+01    131072
3    3.57927e+01    131072
3    3.25316e+01    131072
6    9.95467e+00    1024
6    9.95120e+00    1024
6    9.94291e+00    1024
6    9.93616e+00    1024
6    9.93481e+00    1024
6    9.92870e+00    1024
6    1.18171e+01    2048
6    1.17278e+01    2048
6    1.16661e+01    2048
6    1.16197e+01    2048
6    1.14619e+01    2048
6    1.13534e+01    2048
6    1.21563e+01    4096
6    1.19401e+01    4096
6    1.18911e+01    4096
6    1.18528e+01    4096
6    1.18381e+01    4096
6    1.17987e+01    4096
6    1.19598e+01    8192
6    1.16847e+01    8192
6    1.16845e+01    8192
6    1.16804e+01    8192
6    1.16770e+01    8192
6    1.16396e+01    8192
6    1.17376e+01    16384
6    1.16997e+01    16384
6    1.16870e+01    16384
6    1.16816e+01    16384
6    1.16276e+01    16384
6    1.16152e+01    16384
6    1.17734e+01    32768
6    1.16848e+01    32768
6    1.16276e+01    32768
6    1.16200e+01    32768
6    1.16138e+01    32768
6    1.13607e+01    32768
6    1.18365e+01    65536
6    1.18066e+01    65536
6    1.17921e+01    65536
6    1.17553e+01    65536
6    1.16056e+01    65536
6    1.12260e+01    65536
6    1.20261e+01    131072
6    1.18916e+01    131072
6    1.18539e+01    131072
6    1.17845e+01    131072
6    1.17577e+01    131072
6    1.17395e+01    131072
10    5.99780e+00    1024
10    5.99624e+00    1024
10    5.99451e+00    1024
10    5.99339e+00    1024
10    5.99300e+00    1024
10    5.99297e+00    1024
10    5.99238e+00    1024
10    5.99170e+00    1024
10    5.98942e+00    1024
10    5.98634e+00    1024
10    7.01571e+00    2048
10    6.96918e+00    2048
10    6.89744e+00    2048
10    6.84850e+00    2048
10    6.81843e+00    2048
10    6.81363e+00    2048
10    6.81074e+00    2048
10    6.79342e+00    2048
10    6.79280e+00    2048
10    6.77825e+00    2048
10    6.95621e+00    4096
10    6.91834e+00    4096
10    6.91235e+00    4096
10    6.89652e+00    4096
10    6.88619e+00    4096
10    6.86261e+00    4096
10    6.84094e+00    4096
10    6.83374e+00    4096
10    6.80413e+00    4096
10    6.79017e+00    4096
10    7.01968e+00    8192
10    6.98626e+00    8192
10    6.94171e+00    8192
10    6.87705e+00    8192
10    6.84345e+00    8192
10    6.80127e+00    8192
10    6.79998e+00    8192
10    6.79596e+00    8192
10    6.78556e+00    8192
10    6.78002e+00    8192
10    7.01194e+00    16384
10    6.95933e+00    16384
10    6.92732e+00    16384
10    6.91900e+00    16384
10    6.90918e+00    16384
10    6.85312e+00    16384
10    6.83925e+00    16384
10    6.83688e+00    16384
10    6.82262e+00    16384
10    6.76438e+00    16384
10    7.00351e+00    32768
10    6.97683e+00    32768
10    6.93688e+00    32768
10    6.91965e+00    32768
10    6.87490e+00    32768
10    6.86824e+00    32768
10    6.86319e+00    32768
10    6.84772e+00    32768
10    6.83714e+00    32768
10    6.83438e+00    32768
10    7.04218e+00    65536
10    7.01564e+00    65536
10    6.91037e+00    65536
10    6.88738e+00    65536
10    6.87649e+00    65536
10    6.87061e+00    65536
10    6.86866e+00    65536
10    6.85841e+00    65536
10    6.85242e+00    65536
10    6.84583e+00    65536
10    7.08081e+00    131072
10    7.02508e+00    131072
10    6.99864e+00    131072
10    6.94279e+00    131072
10    6.93906e+00    131072
10    6.93155e+00    131072
10    6.92335e+00    131072
10    6.91818e+00    131072
10    6.90487e+00    131072
10    6.89155e+00    131072
