ConcurrentReads:VelocityMBps:BufferSize
1    1.04609e+02    1024
1    8.57300e+01    2048
1    1.05114e+02    4096
1    8.58693e+01    8192
1    8.73132e+01    16384
1    1.00456e+02    32768
1    8.80752e+01    65536
1    1.04935e+02    131072
3    2.25720e+01    1024
3    2.09024e+01    1024
3    1.86542e+01    1024
3    2.35230e+01    2048
3    2.14203e+01    2048
3    2.09531e+01    2048
3    2.09301e+01    4096
3    2.07933e+01    4096
3    1.74027e+01    4096
3    2.27133e+01    8192
3    2.18539e+01    8192
3    1.88222e+01    8192
3    2.27678e+01    16384
3    2.06450e+01    16384
3    2.00092e+01    16384
3    2.16733e+01    32768
3    2.13476e+01    32768
3    2.10430e+01    32768
3    2.02826e+01    65536
3    1.95138e+01    65536
3    1.93194e+01    65536
3    2.05003e+01    131072
3    1.96536e+01    131072
3    1.94916e+01    131072
6    8.96361e+00    1024
6    8.93564e+00    1024
6    8.92960e+00    1024
6    8.92354e+00    1024
6    8.92152e+00    1024
6    8.92016e+00    1024
6    8.80328e+00    2048
6    8.79478e+00    2048
6    8.78635e+00    2048
6    8.78417e+00    2048
6    8.78371e+00    2048
6    8.78199e+00    2048
6    8.79743e+00    4096
6    8.79210e+00    4096
6    8.79202e+00    4096
6    8.78812e+00    4096
6    8.78427e+00    4096
6    8.78111e+00    4096
6    8.69086e+00    8192
6    8.67329e+00    8192
6    8.65753e+00    8192
6    8.65631e+00    8192
6    8.65169e+00    8192
6    8.65082e+00    8192
6    8.87040e+00    16384
6    8.86101e+00    16384
6    8.85816e+00    16384
6    8.85799e+00    16384
6    8.85658e+00    16384
6    8.85582e+00    16384
6    8.72503e+00    32768
6    8.72410e+00    32768
6    8.71944e+00    32768
6    8.71437e+00    32768
6    8.70962e+00    32768
6    8.70486e+00    32768
6    8.80517e+00    65536
6    8.78636e+00    65536
6    8.78526e+00    65536
6    8.78271e+00    65536
6    8.77833e+00    65536
6    8.77715e+00    65536
6    8.86371e+00    131072
6    8.84731e+00    131072
6    8.82304e+00    131072
6    8.82213e+00    131072
6    8.81690e+00    131072
6    8.81515e+00    131072
10    7.32843e+00    1024
10    7.32680e+00    1024
10    7.29528e+00    1024
10    7.27782e+00    1024
10    7.27160e+00    1024
10    7.21590e+00    1024
10    7.18526e+00    1024
10    7.16855e+00    1024
10    7.09598e+00    1024
10    7.05988e+00    1024
10    7.41363e+00    2048
10    7.37768e+00    2048
10    7.37751e+00    2048
10    7.36376e+00    2048
10    7.32947e+00    2048
10    7.31845e+00    2048
10    7.30797e+00    2048
10    7.20461e+00    2048
10    7.18644e+00    2048
10    7.14086e+00    2048
10    7.40527e+00    4096
10    7.39415e+00    4096
10    7.38414e+00    4096
10    7.37564e+00    4096
10    7.36854e+00    4096
10    7.33653e+00    4096
10    7.20947e+00    4096
10    7.19842e+00    4096
10    7.15395e+00    4096
10    7.14820e+00    4096
10    7.39616e+00    8192
10    7.34926e+00    8192
10    7.28105e+00    8192
10    7.27701e+00    8192
10    7.27618e+00    8192
10    7.26840e+00    8192
10    7.26396e+00    8192
10    7.20695e+00    8192
10    7.15637e+00    8192
10    7.13604e+00    8192
10    7.46246e+00    16384
10    7.41319e+00    16384
10    7.39982e+00    16384
10    7.39690e+00    16384
10    7.36957e+00    16384
10    7.33723e+00    16384
10    7.22473e+00    16384
10    7.22007e+00    16384
10    7.21323e+00    16384
10    7.16113e+00    16384
10    7.44934e+00    32768
10    7.41307e+00    32768
10    7.35557e+00    32768
10    7.30989e+00    32768
10    7.30229e+00    32768
10    7.27509e+00    32768
10    7.26064e+00    32768
10    7.24795e+00    32768
10    7.11679e+00    32768
10    7.10355e+00    32768
10    7.46228e+00    65536
10    7.38860e+00    65536
10    7.38379e+00    65536
10    7.38010e+00    65536
10    7.31300e+00    65536
10    7.22750e+00    65536
10    7.19364e+00    65536
10    7.17460e+00    65536
10    7.16323e+00    65536
10    7.15554e+00    65536
10    7.54836e+00    131072
10    7.54700e+00    131072
10    7.49302e+00    131072
10    7.47071e+00    131072
10    7.43621e+00    131072
10    7.30214e+00    131072
10    7.27214e+00    131072
10    7.20388e+00    131072
10    7.19635e+00    131072
10    7.16267e+00    131072
