ConcurrentReads:VelocityMBps:BufferSize
1    8.61325e+01    1024
1    9.71179e+01    2048
1    9.22138e+01    4096
1    9.56578e+01    8192
1    9.36470e+01    16384
1    9.19325e+01    32768
1    9.28802e+01    65536
1    9.65130e+01    131072
3    4.38598e+01    1024
3    3.93241e+01    1024
3    3.82632e+01    1024
3    4.70642e+01    2048
3    3.91228e+01    2048
3    3.84051e+01    2048
3    5.67180e+01    4096
3    4.21531e+01    4096
3    3.78701e+01    4096
3    4.71683e+01    8192
3    4.04370e+01    8192
3    3.82526e+01    8192
3    5.59735e+01    16384
3    4.34364e+01    16384
3    3.70206e+01    16384
3    5.00816e+01    32768
3    4.09847e+01    32768
3    3.81912e+01    32768
3    4.83890e+01    65536
3    4.16563e+01    65536
3    3.81851e+01    65536
3    4.19443e+01    131072
3    4.01080e+01    131072
3    3.81121e+01    131072
6    2.10017e+01    1024
6    2.09530e+01    1024
6    2.01587e+01    1024
6    2.00239e+01    1024
6    1.95880e+01    1024
6    1.92979e+01    1024
6    2.60438e+01    2048
6    2.40589e+01    2048
6    2.06560e+01    2048
6    2.04956e+01    2048
6    1.97318e+01    2048
6    1.92906e+01    2048
6    2.90936e+01    4096
6    2.69913e+01    4096
6    2.39605e+01    4096
6    2.34297e+01    4096
6    2.12497e+01    4096
6    1.58820e+01    4096
6    2.91797e+01    8192
6    2.70091e+01    8192
6    2.38051e+01    8192
6    2.31743e+01    8192
6    2.12745e+01    8192
6    1.43332e+01    8192
6    2.59453e+01    16384
6    2.17171e+01    16384
6    2.06191e+01    16384
6    1.98567e+01    16384
6    1.97311e+01    16384
6    1.92377e+01    16384
6    2.60715e+01    32768
6    2.32994e+01    32768
6    2.30756e+01    32768
6    2.27099e+01    32768
6    2.09499e+01    32768
6    1.87035e+01    32768
6    2.78586e+01    65536
6    2.57563e+01    65536
6    2.41822e+01    65536
6    2.39182e+01    65536
6    1.80088e+01    65536
6    1.67232e+01    65536
6    2.61503e+01    131072
6    2.37988e+01    131072
6    2.31290e+01    131072
6    2.16718e+01    131072
6    2.14930e+01    131072
6    1.77494e+01    131072
10    1.44845e+01    1024
10    1.37314e+01    1024
10    1.36475e+01    1024
10    1.30458e+01    1024
10    1.26181e+01    1024
10    1.19881e+01    1024
10    1.19930e+01    1024
10    1.18041e+01    1024
10    1.16996e+01    1024
10    1.16729e+01    1024
10    1.42330e+01    2048
10    1.36982e+01    2048
10    1.34118e+01    2048
10    1.33040e+01    2048
10    1.31481e+01    2048
10    1.20537e+01    2048
10    1.19045e+01    2048
10    1.16917e+01    2048
10    1.16891e+01    2048
10    1.16713e+01    2048
10    1.30105e+01    4096
10    1.21703e+01    4096
10    1.21966e+01    4096
10    1.19563e+01    4096
10    1.19330e+01    4096
10    1.18657e+01    4096
10    1.18438e+01    4096
10    1.17565e+01    4096
10    1.17566e+01    4096
10    1.16314e+01    4096
10    1.38433e+01    8192
10    1.33914e+01    8192
10    1.32740e+01    8192
10    1.29792e+01    8192
10    1.20348e+01    8192
10    1.20036e+01    8192
10    1.18307e+01    8192
10    1.18881e+01    8192
10    1.17616e+01    8192
10    1.15575e+01    8192
10    1.30955e+01    16384
10    1.27593e+01    16384
10    1.25776e+01    16384
10    1.21238e+01    16384
10    1.21067e+01    16384
10    1.18846e+01    16384
10    1.17805e+01    16384
10    1.17974e+01    16384
10    1.17716e+01    16384
10    1.16422e+01    16384
10    1.31649e+01    32768
10    1.27438e+01    32768
10    1.23652e+01    32768
10    1.23692e+01    32768
10    1.19427e+01    32768
10    1.18234e+01    32768
10    1.17603e+01    32768
10    1.17064e+01    32768
10    1.17174e+01    32768
10    1.16609e+01    32768
10    1.28364e+01    65536
10    1.26007e+01    65536
10    1.25260e+01    65536
10    1.23595e+01    65536
10    1.23417e+01    65536
10    1.21155e+01    65536
10    1.20069e+01    65536
10    1.17169e+01    65536
10    1.16651e+01    65536
10    1.16435e+01    65536
10    1.24257e+01    131072
10    1.24004e+01    131072
10    1.21993e+01    131072
10    1.21314e+01    131072
10    1.21803e+01    131072
10    1.20929e+01    131072
10    1.20149e+01    131072
10    1.18615e+01    131072
10    1.16778e+01    131072
10    1.16379e+01    131072
