ConcurrentReads:VelocityMBps:BufferSize
1    8.72178e+01    1024
1    6.79753e+01    2048
1    6.96558e+01    4096
1    7.16054e+01    8192
1    6.26059e+01    16384
1    6.89717e+01    32768
1    5.68121e+01    65536
1    6.02189e+01    131072
3    1.27122e+02    1024
3    1.10648e+02    1024
3    5.38786e+01    1024
3    1.41835e+02    2048
3    1.05131e+02    2048
3    7.70539e+01    2048
3    1.39444e+02    4096
3    1.17232e+02    4096
3    7.80565e+01    4096
3    1.37534e+02    8192
3    1.10030e+02    8192
3    8.26526e+01    8192
3    1.14437e+02    16384
3    1.10749e+02    16384
3    5.42955e+01    16384
3    1.23709e+02    32768
3    1.05161e+02    32768
3    6.91708e+01    32768
3    1.25722e+02    65536
3    1.22310e+02    65536
3    7.60774e+01    65536
3    1.29952e+02    131072
3    1.21087e+02    131072
3    6.07524e+01    131072
6    1.16795e+02    1024
6    1.15547e+02    1024
6    1.14308e+02    1024
6    1.06466e+02    1024
6    9.89551e+01    1024
6    7.22995e+01    1024
6    1.23888e+02    2048
6    1.12517e+02    2048
6    1.09853e+02    2048
6    1.01830e+02    2048
6    9.72657e+01    2048
6    6.20211e+01    2048
6    1.31559e+02    4096
6    1.25181e+02    4096
6    1.11684e+02    4096
6    1.11583e+02    4096
6    1.09014e+02    4096
6    6.68399e+01    4096
6    1.26831e+02    8192
6    1.20495e+02    8192
6    1.15892e+02    8192
6    1.13162e+02    8192
6    9.31482e+01    8192
6    5.13082e+01    8192
6    1.26659e+02    16384
6    1.21330e+02    16384
6    1.10831e+02    16384
6    8.30239e+01    16384
6    8.09813e+01    16384
6    5.37339e+01    16384
6    1.42688e+02    32768
6    1.17590e+02    32768
6    1.17311e+02    32768
6    1.07805e+02    32768
6    8.25677e+01    32768
6    5.86428e+01    32768
6    1.44817e+02    65536
6    1.10485e+02    65536
6    1.00958e+02    65536
6    9.63550e+01    65536
6    9.57797e+01    65536
6    3.66609e+01    65536
6    1.34383e+02    131072
6    1.14163e+02    131072
6    1.10616e+02    131072
6    9.28724e+01    131072
6    8.77904e+01    131072
6    1.64350e+01    131072
10    9.90555e+01    1024
10    9.76057e+01    1024
10    9.60814e+01    1024
10    8.77528e+01    1024
10    8.69087e+01    1024
10    8.65900e+01    1024
10    8.37985e+01    1024
10    7.39670e+01    1024
10    7.17055e+01    1024
10    6.91878e+01    1024
10    1.05257e+02    2048
10    1.02474e+02    2048
10    9.50095e+01    2048
10    9.11966e+01    2048
10    8.78204e+01    2048
10    8.04556e+01    2048
10    8.02598e+01    2048
10    7.58095e+01    2048
10    6.57061e+01    2048
10    6.49453e+01    2048
10    9.91939e+01    4096
10    9.87528e+01    4096
10    9.75256e+01    4096
10    9.73597e+01    4096
10    9.67885e+01    4096
10    9.25624e+01    4096
10    9.18138e+01    4096
10    6.93462e+01    4096
10    6.80345e+01    4096
10    5.67312e+01    4096
10    1.07400e+02    8192
10    1.05718e+02    8192
10    1.02555e+02    8192
10    9.60348e+01    8192
10    9.32466e+01    8192
10    8.97771e+01    8192
10    7.56122e+01    8192
10    6.88759e+01    8192
10    5.91906e+01    8192
10    2.66124e+01    8192
10    1.02330e+02    16384
10    1.01769e+02    16384
10    9.87422e+01    16384
10    9.33075e+01    16384
10    9.11569e+01    16384
10    8.93938e+01    16384
10    8.09371e+01    16384
10    7.51737e+01    16384
10    7.45539e+01    16384
10    7.05541e+01    16384
10    1.03904e+02    32768
10    9.58516e+01    32768
10    9.40699e+01    32768
10    9.09939e+01    32768
10    8.93898e+01    32768
10    8.66814e+01    32768
10    8.39587e+01    32768
10    7.83762e+01    32768
10    7.55072e+01    32768
10    5.96041e+01    32768
10    9.93186e+01    65536
10    9.86506e+01    65536
10    9.51642e+01    65536
10    9.32043e+01    65536
10    9.25755e+01    65536
10    9.04231e+01    65536
10    8.16127e+01    65536
10    7.54194e+01    65536
10    7.38172e+01    65536
10    7.23650e+01    65536
10    9.99190e+01    131072
10    9.82251e+01    131072
10    9.56621e+01    131072
10    9.56202e+01    131072
10    9.05656e+01    131072
10    8.97947e+01    131072
10    8.82371e+01    131072
10    7.40718e+01    131072
10    7.32297e+01    131072
10    6.33004e+01    131072
