ConcurrentReads:VelocityMBps:BufferSize
1    7.67579e+01    1024
1    6.13260e+01    2048
1    6.14179e+01    4096
1    6.54394e+01    8192
1    4.81098e+01    16384
1    7.78285e+01    32768
1    7.52187e+01    65536
1    6.33804e+01    131072
3    1.47020e+02    1024
3    1.01758e+02    1024
3    5.40729e+01    1024
3    1.38936e+02    2048
3    9.95628e+01    2048
3    6.13421e+01    2048
3    1.38683e+02    4096
3    1.27746e+02    4096
3    6.88535e+01    4096
3    1.35253e+02    8192
3    1.24570e+02    8192
3    6.14670e+01    8192
3    1.46837e+02    16384
3    1.26942e+02    16384
3    6.13099e+01    16384
3    1.45142e+02    32768
3    1.15178e+02    32768
3    6.40229e+01    32768
3    1.35335e+02    65536
3    9.48629e+01    65536
3    4.11850e+01    65536
3    1.18784e+02    131072
3    1.16973e+02    131072
3    7.49838e+01    131072
6    1.30747e+02    1024
6    9.30326e+01    1024
6    9.08867e+01    1024
6    7.42098e+01    1024
6    6.95505e+01    1024
6    6.53471e+01    1024
6    1.17091e+02    2048
6    9.69161e+01    2048
6    9.51781e+01    2048
6    9.25915e+01    2048
6    8.14488e+01    2048
6    6.14821e+01    2048
6    1.30826e+02    4096
6    1.15789e+02    4096
6    1.13488e+02    4096
6    1.10661e+02    4096
6    7.80459e+01    4096
6    7.75267e+01    4096
6    9.64712e+01    8192
6    9.58387e+01    8192
6    9.46537e+01    8192
6    9.32926e+01    8192
6    7.22564e+01    8192
6    7.18577e+01    8192
6    1.28387e+02    16384
6    1.06159e+02    16384
6    9.32182e+01    16384
6    8.64687e+01    16384
6    8.49254e+01    16384
6    5.76856e+01    16384
6    1.46422e+02    32768
6    1.22151e+02    32768
6    9.85141e+01    32768
6    9.58179e+01    32768
6    7.69551e+01    32768
6    6.93706e+01    32768
6    1.39946e+02    65536
6    1.13286e+02    65536
6    1.06029e+02    65536
6    9.43914e+01    65536
6    6.92054e+01    65536
6    6.54588e+01    65536
6    1.15441e+02    131072
6    1.03031e+02    131072
6    1.00471e+02    131072
6    9.80279e+01    131072
6    9.07771e+01    131072
6    6.75304e+01    131072
10    1.02552e+02    1024
10    1.01857e+02    1024
10    9.39718e+01    1024
10    8.60564e+01    1024
10    8.50131e+01    1024
10    8.34211e+01    1024
10    8.22935e+01    1024
10    8.02069e+01    1024
10    7.97170e+01    1024
10    6.27733e+01    1024
10    1.04260e+02    2048
10    1.00497e+02    2048
10    8.96445e+01    2048
10    8.13883e+01    2048
10    8.09018e+01    2048
10    7.91636e+01    2048
10    7.42636e+01    2048
10    7.42524e+01    2048
10    7.10764e+01    2048
10    7.09786e+01    2048
10    1.06274e+02    4096
10    1.04979e+02    4096
10    1.04791e+02    4096
10    9.98873e+01    4096
10    9.06339e+01    4096
10    8.84229e+01    4096
10    8.77025e+01    4096
10    7.50173e+01    4096
10    6.97411e+01    4096
10    4.06269e+01    4096
10    1.04295e+02    8192
10    1.03759e+02    8192
10    9.96869e+01    8192
10    9.74984e+01    8192
10    8.63585e+01    8192
10    8.39992e+01    8192
10    6.94614e+01    8192
10    6.79312e+01    8192
10    3.21877e+01    8192
10    1.06480e+02    16384
10    1.04688e+02    16384
10    1.04042e+02    16384
10    1.02762e+02    16384
10    9.56748e+01    16384
10    9.11520e+01    16384
10    7.87522e+01    16384
10    7.82710e+01    16384
10    5.92743e+01    16384
10    3.35416e+01    16384
10    1.01248e+02    32768
10    9.57526e+01    32768
10    9.54365e+01    32768
10    9.01136e+01    32768
10    9.00834e+01    32768
10    8.46962e+01    32768
10    8.18440e+01    32768
10    7.80298e+01    32768
10    7.56101e+01    32768
10    2.88346e+01    32768
10    1.04165e+02    65536
10    1.02387e+02    65536
10    9.71163e+01    65536
10    9.53217e+01    65536
10    8.72787e+01    65536
10    8.70112e+01    65536
10    7.59441e+01    65536
10    6.14756e+01    65536
10    5.08416e+01    65536
10    4.87060e+01    65536
10    1.01967e+02    131072
10    1.01919e+02    131072
10    9.89528e+01    131072
10    9.29504e+01    131072
10    9.11882e+01    131072
10    7.36068e+01    131072
10    6.61585e+01    131072
10    6.59945e+01    131072
10    6.43054e+01    131072
10    4.27747e+01    131072
