ConcurrentReads:VelocityMBps:BufferSize
1    4.78329e+01    1024
1    5.71787e+01    2048
1    5.61659e+01    4096
1    5.77204e+01    8192
1    5.52582e+01    16384
1    6.14772e+01    32768
1    5.61460e+01    65536
1    6.00153e+01    131072
3    3.85853e+01    1024
3    3.34346e+01    1024
3    3.24240e+01    1024
3    3.64082e+01    2048
3    3.60739e+01    2048
3    3.45807e+01    2048
3    3.79067e+01    4096
3    3.72950e+01    4096
3    3.42380e+01    4096
3    3.68555e+01    8192
3    3.66809e+01    8192
3    3.48351e+01    8192
3    3.84863e+01    16384
3    3.62959e+01    16384
3    3.45858e+01    16384
3    4.48847e+01    32768
3    4.40742e+01    32768
3    2.05783e+01    32768
3    3.71524e+01    65536
3    3.68204e+01    65536
3    3.50582e+01    65536
3    3.60012e+01    131072
3    3.58956e+01    131072
3    3.55898e+01    131072
6    2.27827e+01    1024
6    2.21604e+01    1024
6    2.15280e+01    1024
6    2.05337e+01    1024
6    2.04754e+01    1024
6    1.63880e+01    1024
6    1.91265e+01    2048
6    1.88715e+01    2048
6    1.88351e+01    2048
6    1.86821e+01    2048
6    1.86150e+01    2048
6    1.81954e+01    2048
6    1.88134e+01    4096
6    1.86498e+01    4096
6    1.86285e+01    4096
6    1.85858e+01    4096
6    1.85724e+01    4096
6    1.85712e+01    4096
6    1.91346e+01    8192
6    1.87295e+01    8192
6    1.87180e+01    8192
6    1.86854e+01    8192
6    1.86370e+01    8192
6    1.84206e+01    8192
6    1.88200e+01    16384
6    1.87909e+01    16384
6    1.87728e+01    16384
6    1.86277e+01    16384
6    1.86018e+01    16384
6    1.85281e+01    16384
6    1.89090e+01    32768
6    1.88067e+01    32768
6    1.87169e+01    32768
6    1.86280e+01    32768
6    1.85950e+01    32768
6    1.85715e+01    32768
6    1.89092e+01    65536
6    1.88533e+01    65536
6    1.88060e+01    65536
6    1.87859e+01    65536
6    1.85800e+01    65536
6    1.84856e+01    65536
6    1.90061e+01    131072
6    1.88004e+01    131072
6    1.87219e+01    131072
6    1.86960e+01    131072
6    1.86603e+01    131072
6    1.85042e+01    131072
10    1.15354e+01    1024
10    1.15006e+01    1024
10    1.14949e+01    1024
10    1.14717e+01    1024
10    1.14704e+01    1024
10    1.13326e+01    1024
10    1.12647e+01    1024
10    1.12635e+01    1024
10    1.12278e+01    1024
10    1.12222e+01    1024
10    1.16704e+01    2048
10    1.16632e+01    2048
10    1.16521e+01    2048
10    1.14194e+01    2048
10    1.13925e+01    2048
10    1.13203e+01    2048
10    1.12914e+01    2048
10    1.12689e+01    2048
10    1.12653e+01    2048
10    1.11151e+01    2048
10    1.15341e+01    4096
10    1.14009e+01    4096
10    1.13570e+01    4096
10    1.12855e+01    4096
10    1.12754e+01    4096
10    1.12715e+01    4096
10    1.12487e+01    4096
10    1.12367e+01    4096
10    1.11805e+01    4096
10    1.11639e+01    4096
10    1.17907e+01    8192
10    1.17572e+01    8192
10    1.16048e+01    8192
10    1.15771e+01    8192
10    1.13463e+01    8192
10    1.13392e+01    8192
10    1.12731e+01    8192
10    1.12081e+01    8192
10    1.12010e+01    8192
10    1.11494e+01    8192
10    1.20582e+01    16384
10    1.15425e+01    16384
10    1.14066e+01    16384
10    1.13933e+01    16384
10    1.13180e+01    16384
10    1.12625e+01    16384
10    1.12284e+01    16384
10    1.11891e+01    16384
10    1.11364e+01    16384
10    1.08992e+01    16384
10    1.19508e+01    32768
10    1.17063e+01    32768
10    1.16189e+01    32768
10    1.16156e+01    32768
10    1.13922e+01    32768
10    1.12911e+01    32768
10    1.12836e+01    32768
10    1.11940e+01    32768
10    1.11932e+01    32768
10    1.11738e+01    32768
10    1.17016e+01    65536
10    1.15378e+01    65536
10    1.15167e+01    65536
10    1.13101e+01    65536
10    1.12878e+01    65536
10    1.12735e+01    65536
10    1.12599e+01    65536
10    1.12290e+01    65536
10    1.12091e+01    65536
10    1.11589e+01    65536
10    1.20548e+01    131072
10    1.16410e+01    131072
10    1.14906e+01    131072
10    1.13701e+01    131072
10    1.12813e+01    131072
10    1.12456e+01    131072
10    1.12296e+01    131072
10    1.11971e+01    131072
10    1.11949e+01    131072
10    1.11660e+01    131072
