TrialNumber:ConcurrentReads:FileID:VelocityMBps:BufferSize
1    1    1    6.30249e+01    1024
1    1    1    8.94488e+01    2048
1    1    1    8.98596e+01    4096
1    1    1    7.95749e+01    8192
1    1    1    9.04949e+01    16384
1    1    1    8.56912e+01    32768
1    1    1    8.68284e+01    65536
1    1    1    9.01898e+01    131072
1    3    2    1.47089e+02    1024
1    3    3    1.31163e+02    1024
1    3    1    8.94167e+01    1024
1    3    2    1.48923e+02    2048
1    3    3    1.30673e+02    2048
1    3    1    8.98231e+01    2048
1    3    2    1.48083e+02    4096
1    3    3    1.31523e+02    4096
1    3    1    9.02233e+01    4096
1    3    2    1.50214e+02    8192
1    3    3    1.31090e+02    8192
1    3    1    8.96165e+01    8192
1    3    2    1.50312e+02    16384
1    3    3    1.28979e+02    16384
1    3    1    9.04971e+01    16384
1    3    2    1.46995e+02    32768
1    3    3    1.31089e+02    32768
1    3    1    7.78196e+01    32768
1    3    2    1.48726e+02    65536
1    3    3    1.31161e+02    65536
1    3    1    9.04262e+01    65536
1    3    2    1.49746e+02    131072
1    3    3    1.31162e+02    131072
1    3    1    8.93823e+01    131072
1    6    2    1.48712e+02    1024
1    6    3    1.25468e+02    1024
1    6    6    1.21002e+02    1024
1    6    5    1.17871e+02    1024
1    6    4    7.46653e+01    1024
1    6    1    6.14276e+01    1024
1    6    2    1.47135e+02    2048
1    6    3    1.30165e+02    2048
1    6    6    1.23425e+02    2048
1    6    5    1.19278e+02    2048
1    6    4    1.14754e+02    2048
1    6    1    7.74434e+01    2048
1    6    2    1.44356e+02    4096
1    6    6    1.22922e+02    4096
1    6    5    1.20176e+02    4096
1    6    3    1.18590e+02    4096
1    6    4    1.13668e+02    4096
1    6    1    9.05638e+01    4096
1    6    3    1.30447e+02    8192
1    6    6    1.24188e+02    8192
1    6    4    1.13504e+02    8192
1    6    2    1.02188e+02    8192
1    6    1    8.91505e+01    8192
1    6    5    8.73033e+01    8192
1    6    2    1.46044e+02    16384
1    6    3    1.29041e+02    16384
1    6    5    1.12616e+02    16384
1    6    4    1.10928e+02    16384
1    6    6    1.08415e+02    16384
1    6    1    8.93497e+01    16384
1    6    2    1.44799e+02    32768
1    6    3    1.31017e+02    32768
1    6    6    1.21845e+02    32768
1    6    4    1.13444e+02    32768
1    6    5    1.12043e+02    32768
1    6    1    8.85914e+01    32768
1    6    2    1.45046e+02    65536
1    6    3    1.31017e+02    65536
1    6    5    1.19757e+02    65536
1    6    4    1.06544e+02    65536
1    6    1    8.77172e+01    65536
1    6    6    8.45750e+01    65536
1    6    2    1.46446e+02    131072
1    6    3    1.26930e+02    131072
1    6    6    1.24431e+02    131072
1    6    5    1.20178e+02    131072
1    6    4    1.14909e+02    131072
1    6    1    8.92172e+01    131072
1    10    6    1.01184e+02    1024
1    10    2    1.00891e+02    1024
1    10    8    9.99366e+01    1024
1    10    7    9.98788e+01    1024
1    10    5    9.93249e+01    1024
1    10    3    9.58926e+01    1024
1    10    1    8.87876e+01    1024
1    10    10    8.61150e+01    1024
1    10    4    7.77052e+01    1024
1    10    9    6.85983e+01    1024
1    10    2    1.00191e+02    2048
1    10    7    9.98882e+01    2048
1    10    5    9.97579e+01    2048
1    10    6    9.79406e+01    2048
1    10    3    9.76107e+01    2048
1    10    4    9.62070e+01    2048
1    10    8    9.04686e+01    2048
1    10    1    8.99880e+01    2048
1    10    10    8.59309e+01    2048
1    10    9    7.73801e+01    2048
1    10    8    1.00426e+02    4096
1    10    4    1.00232e+02    4096
1    10    6    1.00210e+02    4096
1    10    7    9.98811e+01    4096
1    10    2    9.97242e+01    4096
1    10    5    9.86447e+01    4096
1    10    3    9.42008e+01    4096
1    10    1    8.59593e+01    4096
1    10    10    8.29883e+01    4096
1    10    9    7.59122e+01    4096
1    10    8    1.00309e+02    8192
1    10    4    9.96018e+01    8192
1    10    5    9.90671e+01    8192
1    10    7    9.74747e+01    8192
1    10    3    9.67446e+01    8192
1    10    6    9.36075e+01    8192
1    10    2    9.02429e+01    8192
1    10    10    8.62690e+01    8192
1    10    1    8.44171e+01    8192
1    10    9    7.67126e+01    8192
1    10    2    1.00921e+02    16384
1    10    7    1.00726e+02    16384
1    10    8    9.99860e+01    16384
1    10    4    9.96789e+01    16384
1    10    5    9.89280e+01    16384
1    10    3    9.69898e+01    16384
1    10    6    9.48260e+01    16384
1    10    1    8.92840e+01    16384
1    10    10    7.58530e+01    16384
1    10    9    7.52690e+01    16384
1    10    2    1.00866e+02    32768
1    10    7    1.00354e+02    32768
1    10    6    1.00267e+02    32768
1    10    8    9.97843e+01    32768
1    10    5    9.96049e+01    32768
1    10    3    9.95109e+01    32768
1    10    4    9.89398e+01    32768
1    10    10    8.61145e+01    32768
1    10    9    7.74563e+01    32768
1    10    1    7.25735e+01    32768
1    10    8    1.01475e+02    65536
1    10    2    1.01076e+02    65536
1    10    4    1.00819e+02    65536
1    10    3    9.86470e+01    65536
1    10    7    9.72402e+01    65536
1    10    1    8.98191e+01    65536
1    10    10    8.62050e+01    65536
1    10    5    8.59928e+01    65536
1    10    6    7.81258e+01    65536
1    10    9    7.71082e+01    65536
1    10    8    1.02130e+02    131072
1    10    5    1.01659e+02    131072
1    10    7    9.85693e+01    131072
1    10    3    9.65506e+01    131072
1    10    6    9.55400e+01    131072
1    10    2    9.14473e+01    131072
1    10    10    8.38562e+01    131072
1    10    9    7.57460e+01    131072
1    10    4    7.22740e+01    131072
1    10    1    6.73029e+01    131072
2    1    1    8.82024e+01    1024
2    1    1    8.97396e+01    2048
2    1    1    9.02787e+01    4096
2    1    1    8.67643e+01    8192
2    1    1    9.07292e+01    16384
2    1    1    8.29056e+01    32768
2    1    1    8.79765e+01    65536
2    1    1    8.99218e+01    131072
2    3    2    1.48201e+02    1024
2    3    3    1.31163e+02    1024
2    3    1    9.00563e+01    1024
2    3    2    1.49866e+02    2048
2    3    3    1.16065e+02    2048
2    3    1    9.04625e+01    2048
2    3    3    1.31450e+02    4096
2    3    2    1.22673e+02    4096
2    3    1    8.99541e+01    4096
2    3    2    1.50054e+02    8192
2    3    3    1.14789e+02    8192
2    3    1    8.99203e+01    8192
2    3    2    1.44196e+02    16384
2    3    3    1.30378e+02    16384
2    3    1    9.04635e+01    16384
2    3    2    1.48929e+02    32768
2    3    3    1.24682e+02    32768
2    3    1    9.03253e+01    32768
2    3    2    1.49306e+02    65536
2    3    3    1.29949e+02    65536
2    3    1    9.04264e+01    65536
2    3    2    1.49872e+02    131072
2    3    3    1.06917e+02    131072
2    3    1    9.04992e+01    131072
2    6    2    1.46123e+02    1024
2    6    3    1.30530e+02    1024
2    6    5    1.19959e+02    1024
2    6    6    1.16589e+02    1024
2    6    4    1.03851e+02    1024
2    6    1    9.04001e+01    1024
2    6    3    1.30947e+02    2048
2    6    2    1.29625e+02    2048
2    6    6    1.19659e+02    2048
2    6    5    1.19353e+02    2048
2    6    4    1.14878e+02    2048
2    6    1    8.69880e+01    2048
2    6    2    1.46743e+02    4096
2    6    3    1.31016e+02    4096
2    6    6    1.24110e+02    4096
2    6    5    1.19947e+02    4096
2    6    4    1.14819e+02    4096
2    6    1    8.96175e+01    4096
2    6    2    1.47168e+02    8192
2    6    6    1.24049e+02    8192
2    6    5    1.20073e+02    8192
2    6    3    1.18651e+02    8192
2    6    4    1.05350e+02    8192
2    6    1    9.01261e+01    8192
2    6    2    1.47204e+02    16384
2    6    3    1.28776e+02    16384
2    6    6    1.24372e+02    16384
2    6    5    1.19064e+02    16384
2    6    4    1.11003e+02    16384
2    6    1    9.03310e+01    16384
2    6    2    1.47956e+02    32768
2    6    6    1.23464e+02    32768
2    6    5    1.18411e+02    32768
2    6    4    1.14706e+02    32768
2    6    3    9.09171e+01    32768
2    6    1    7.22461e+01    32768
2    6    2    1.46207e+02    65536
2    6    6    1.24421e+02    65536
2    6    5    1.20013e+02    65536
2    6    3    1.13621e+02    65536
2    6    4    1.08141e+02    65536
2    6    1    9.06351e+01    65536
2    6    2    1.43265e+02    131072
2    6    6    1.24225e+02    131072
2    6    5    1.20012e+02    131072
2    6    3    1.15175e+02    131072
2    6    4    1.14375e+02    131072
2    6    1    9.04639e+01    131072
2    10    2    1.01056e+02    1024
2    10    6    1.00859e+02    1024
2    10    7    1.00348e+02    1024
2    10    4    1.00170e+02    1024
2    10    8    9.49466e+01    1024
2    10    5    8.93284e+01    1024
2    10    1    8.90229e+01    1024
2    10    3    8.85707e+01    1024
2    10    10    8.61911e+01    1024
2    10    9    7.53072e+01    1024
2    10    7    1.03314e+02    2048
2    10    4    1.02774e+02    2048
2    10    8    1.02176e+02    2048
2    10    5    1.01708e+02    2048
2    10    3    9.69332e+01    2048
2    10    2    9.20167e+01    2048
2    10    10    8.37238e+01    2048
2    10    1    7.90261e+01    2048
2    10    9    7.74945e+01    2048
2    10    6    7.73453e+01    2048
2    10    2    1.00745e+02    4096
2    10    3    1.00629e+02    4096
2    10    4    1.00268e+02    4096
2    10    7    1.00191e+02    4096
2    10    5    9.96853e+01    4096
2    10    6    9.60368e+01    4096
2    10    8    9.12675e+01    4096
2    10    1    8.89226e+01    4096
2    10    10    8.60039e+01    4096
2    10    9    7.75200e+01    4096
2    10    2    1.00590e+02    8192
2    10    3    1.00232e+02    8192
2    10    4    1.00079e+02    8192
2    10    6    9.96408e+01    8192
2    10    7    9.96221e+01    8192
2    10    5    9.92275e+01    8192
2    10    1    8.89220e+01    8192
2    10    8    8.45460e+01    8192
2    10    10    8.27697e+01    8192
2    10    9    7.70967e+01    8192
2    10    6    1.01032e+02    16384
2    10    4    1.00221e+02    16384
2    10    5    9.96872e+01    16384
2    10    3    9.93001e+01    16384
2    10    2    9.88801e+01    16384
2    10    7    9.51121e+01    16384
2    10    8    9.41632e+01    16384
2    10    1    8.95533e+01    16384
2    10    10    8.55730e+01    16384
2    10    9    7.63864e+01    16384
2    10    2    1.02529e+02    32768
2    10    5    1.01096e+02    32768
2    10    8    1.00762e+02    32768
2    10    7    1.00364e+02    32768
2    10    4    9.57467e+01    32768
2    10    6    9.53829e+01    32768
2    10    3    9.51724e+01    32768
2    10    1    8.95864e+01    32768
2    10    10    8.61562e+01    32768
2    10    9    6.82423e+01    32768
2    10    3    1.00823e+02    65536
2    10    8    1.00271e+02    65536
2    10    7    9.99280e+01    65536
2    10    2    9.18670e+01    65536
2    10    1    8.91869e+01    65536
2    10    4    8.79940e+01    65536
2    10    6    8.71719e+01    65536
2    10    5    8.16411e+01    65536
2    10    10    7.87489e+01    65536
2    10    9    7.56405e+01    65536
2    10    8    9.44523e+01    131072
2    10    3    9.43792e+01    131072
2    10    7    9.33036e+01    131072
2    10    4    9.30745e+01    131072
2    10    5    9.03708e+01    131072
2    10    1    9.00571e+01    131072
2    10    2    8.99570e+01    131072
2    10    10    8.55101e+01    131072
2    10    6    8.37636e+01    131072
2    10    9    7.71980e+01    131072
3    1    1    8.36246e+01    1024
3    1    1    7.14384e+01    2048
3    1    1    6.04049e+01    4096
3    1    1    8.83908e+01    8192
3    1    1    9.02658e+01    16384
3    1    1    9.03490e+01    32768
3    1    1    9.01244e+01    65536
3    1    1    8.32774e+01    131072
3    3    2    1.46072e+02    1024
3    3    3    1.22847e+02    1024
3    3    1    9.05041e+01    1024
3    3    3    1.31020e+02    2048
3    3    2    1.01048e+02    2048
3    3    1    8.77855e+01    2048
3    3    2    1.48225e+02    4096
3    3    3    1.01878e+02    4096
3    3    1    8.16625e+01    4096
3    3    2    1.34680e+02    8192
3    3    3    1.20445e+02    8192
3    3    1    7.96337e+01    8192
3    3    2    1.49893e+02    16384
3    3    3    1.30381e+02    16384
3    3    1    8.95539e+01    16384
3    3    2    1.50079e+02    32768
3    3    3    1.31164e+02    32768
3    3    1    9.05332e+01    32768
3    3    2    1.50269e+02    65536
3    3    3    1.31162e+02    65536
3    3    1    8.98558e+01    65536
3    3    2    1.49242e+02    131072
3    3    3    1.31090e+02    131072
3    3    1    7.86645e+01    131072
3    6    2    1.46634e+02    1024
3    6    3    1.29883e+02    1024
3    6    6    1.23273e+02    1024
3    6    5    1.13603e+02    1024
3    6    4    1.12785e+02    1024
3    6    1    9.00239e+01    1024
3    6    2    1.41202e+02    2048
3    6    3    1.30806e+02    2048
3    6    6    1.24168e+02    2048
3    6    4    1.14729e+02    2048
3    6    5    1.13127e+02    2048
3    6    1    7.86143e+01    2048
3    6    2    1.47010e+02    4096
3    6    3    1.28769e+02    4096
3    6    5    1.18306e+02    4096
3    6    6    1.09243e+02    4096
3    6    4    9.74830e+01    4096
3    6    1    8.89231e+01    4096
3    6    2    1.43269e+02    8192
3    6    3    1.30379e+02    8192
3    6    6    1.22016e+02    8192
3    6    5    1.20083e+02    8192
3    6    4    1.12625e+02    8192
3    6    1    7.84590e+01    8192
3    6    2    1.44175e+02    16384
3    6    6    1.17451e+02    16384
3    6    3    1.16164e+02    16384
3    6    5    1.04630e+02    16384
3    6    4    1.01554e+02    16384
3    6    1    8.96124e+01    16384
3    6    2    1.45354e+02    32768
3    6    3    1.28768e+02    32768
3    6    5    1.19130e+02    32768
3    6    4    1.13632e+02    32768
3    6    6    1.03179e+02    32768
3    6    1    8.93534e+01    32768
3    6    2    1.37725e+02    65536
3    6    3    1.30807e+02    65536
3    6    6    1.21824e+02    65536
3    6    5    1.20026e+02    65536
3    6    4    1.13527e+02    65536
3    6    1    7.98165e+01    65536
3    6    2    1.46638e+02    131072
3    6    3    1.30944e+02    131072
3    6    5    1.19488e+02    131072
3    6    4    1.10133e+02    131072
3    6    6    1.07853e+02    131072
3    6    1    9.00230e+01    131072
3    10    6    1.00377e+02    1024
3    10    2    1.00299e+02    1024
3    10    3    9.99214e+01    1024
3    10    7    9.95335e+01    1024
3    10    5    9.92658e+01    1024
3    10    8    9.92104e+01    1024
3    10    4    9.08365e+01    1024
3    10    1    8.87611e+01    1024
3    10    10    8.53126e+01    1024
3    10    9    6.77525e+01    1024
3    10    2    1.01964e+02    2048
3    10    8    1.01400e+02    2048
3    10    4    1.01030e+02    2048
3    10    3    1.01013e+02    2048
3    10    5    1.00631e+02    2048
3    10    6    9.91608e+01    2048
3    10    7    9.45582e+01    2048
3    10    1    8.60529e+01    2048
3    10    10    7.71637e+01    2048
3    10    9    7.65693e+01    2048
3    10    7    1.03052e+02    4096
3    10    8    1.02982e+02    4096
3    10    4    1.01846e+02    4096
3    10    3    9.84493e+01    4096
3    10    5    9.48369e+01    4096
3    10    2    9.42573e+01    4096
3    10    1    8.88575e+01    4096
3    10    10    8.57373e+01    4096
3    10    9    7.68648e+01    4096
3    10    6    6.90596e+01    4096
3    10    7    9.86343e+01    8192
3    10    2    9.84082e+01    8192
3    10    5    9.63196e+01    8192
3    10    8    9.55412e+01    8192
3    10    4    9.52211e+01    8192
3    10    3    9.51255e+01    8192
3    10    6    9.01388e+01    8192
3    10    1    8.61713e+01    8192
3    10    10    8.29755e+01    8192
3    10    9    7.73308e+01    8192
3    10    6    1.00946e+02    16384
3    10    3    1.00884e+02    16384
3    10    4    1.00072e+02    16384
3    10    5    9.92944e+01    16384
3    10    2    9.70266e+01    16384
3    10    7    9.69670e+01    16384
3    10    10    8.59502e+01    16384
3    10    1    7.82540e+01    16384
3    10    9    7.74868e+01    16384
3    10    8    7.68829e+01    16384
3    10    2    1.01673e+02    32768
3    10    8    1.01088e+02    32768
3    10    7    1.00515e+02    32768
3    10    6    1.00390e+02    32768
3    10    5    1.00113e+02    32768
3    10    4    9.97275e+01    32768
3    10    1    8.96895e+01    32768
3    10    3    8.83421e+01    32768
3    10    10    7.77128e+01    32768
3    10    9    7.73385e+01    32768
3    10    2    1.01180e+02    65536
3    10    7    1.00527e+02    65536
3    10    8    9.98404e+01    65536
3    10    5    9.93565e+01    65536
3    10    6    9.67534e+01    65536
3    10    3    9.67057e+01    65536
3    10    4    9.09346e+01    65536
3    10    1    8.87927e+01    65536
3    10    10    8.49156e+01    65536
3    10    9    7.63296e+01    65536
3    10    2    1.02110e+02    131072
3    10    6    1.01614e+02    131072
3    10    7    1.00929e+02    131072
3    10    8    1.00428e+02    131072
3    10    5    1.00364e+02    131072
3    10    4    9.98626e+01    131072
3    10    3    9.80072e+01    131072
3    10    1    8.72107e+01    131072
3    10    10    8.52455e+01    131072
3    10    9    7.10845e+01    131072
4    1    1    8.82381e+01    1024
4    1    1    8.99913e+01    2048
4    1    1    8.97251e+01    4096
4    1    1    8.56447e+01    8192
4    1    1    8.98144e+01    16384
4    1    1    8.78379e+01    32768
4    1    1    8.65216e+01    65536
4    1    1    8.20820e+01    131072
4    3    2    1.49509e+02    1024
4    3    3    1.28884e+02    1024
4    3    1    8.96775e+01    1024
4    3    2    1.49265e+02    2048
4    3    3    1.25470e+02    2048
4    3    1    7.33745e+01    2048
4    3    2    1.48520e+02    4096
4    3    3    1.30660e+02    4096
4    3    1    8.92206e+01    4096
4    3    3    1.29729e+02    8192
4    3    2    1.25979e+02    8192
4    3    1    9.05949e+01    8192
4    3    2    1.49349e+02    16384
4    3    3    1.30656e+02    16384
4    3    1    8.91867e+01    16384
4    3    2    1.48984e+02    32768
4    3    3    1.31018e+02    32768
4    3    1    9.01932e+01    32768
4    3    2    1.50015e+02    65536
4    3    3    1.29463e+02    65536
4    3    1    8.43612e+01    65536
4    3    2    1.49637e+02    131072
4    3    3    1.23853e+02    131072
4    3    1    8.72120e+01    131072
4    6    2    1.47050e+02    1024
4    6    3    1.30661e+02    1024
4    6    5    1.20034e+02    1024
4    6    6    1.16045e+02    1024
4    6    4    1.14625e+02    1024
4    6    1    8.98228e+01    1024
4    6    2    1.45915e+02    2048
4    6    3    1.30517e+02    2048
4    6    6    1.20957e+02    2048
4    6    5    1.20215e+02    2048
4    6    4    1.14734e+02    2048
4    6    1    8.77213e+01    2048
4    6    2    1.46249e+02    4096
4    6    3    1.30802e+02    4096
4    6    5    1.20215e+02    4096
4    6    6    1.16209e+02    4096
4    6    4    1.14734e+02    4096
4    6    1    9.01264e+01    4096
4    6    2    1.45639e+02    8192
4    6    6    1.24144e+02    8192
4    6    5    1.20097e+02    8192
4    6    3    1.17314e+02    8192
4    6    4    1.13863e+02    8192
4    6    1    8.80117e+01    8192
4    6    2    1.43973e+02    16384
4    6    6    1.21813e+02    16384
4    6    5    1.20097e+02    16384
4    6    3    1.14406e+02    16384
4    6    4    9.93050e+01    16384
4    6    1    7.99763e+01    16384
4    6    2    1.48634e+02    32768
4    6    3    1.30111e+02    32768
4    6    6    1.24350e+02    32768
4    6    5    1.18511e+02    32768
4    6    4    7.84949e+01    32768
4    6    1    6.73665e+01    32768
4    6    2    1.42216e+02    65536
4    6    3    1.31235e+02    65536
4    6    6    1.23307e+02    65536
4    6    4    1.12208e+02    65536
4    6    5    1.02724e+02    65536
4    6    1    8.77543e+01    65536
4    6    3    1.28987e+02    131072
4    6    6    1.20834e+02    131072
4    6    5    1.19272e+02    131072
4    6    4    1.13920e+02    131072
4    6    2    9.57473e+01    131072
4    6    1    8.40118e+01    131072
4    10    2    1.01461e+02    1024
4    10    7    1.00224e+02    1024
4    10    8    9.90326e+01    1024
4    10    5    9.79809e+01    1024
4    10    4    9.78810e+01    1024
4    10    6    9.54859e+01    1024
4    10    3    9.19272e+01    1024
4    10    1    8.92891e+01    1024
4    10    10    8.62106e+01    1024
4    10    9    7.71519e+01    1024
4    10    8    9.95276e+01    2048
4    10    7    9.92758e+01    2048
4    10    3    9.88856e+01    2048
4    10    2    9.87074e+01    2048
4    10    4    9.85712e+01    2048
4    10    5    9.83677e+01    2048
4    10    6    9.79795e+01    2048
4    10    1    8.96233e+01    2048
4    10    9    7.73270e+01    2048
4    10    10    7.32192e+01    2048
4    10    2    1.01080e+02    4096
4    10    8    1.00395e+02    4096
4    10    3    1.00334e+02    4096
4    10    4    9.99983e+01    4096
4    10    5    9.96308e+01    4096
4    10    6    9.65181e+01    4096
4    10    7    9.12274e+01    4096
4    10    1    8.81073e+01    4096
4    10    10    8.60533e+01    4096
4    10    9    7.75250e+01    4096
4    10    2    1.01601e+02    8192
4    10    4    1.00472e+02    8192
4    10    3    1.00215e+02    8192
4    10    5    1.00141e+02    8192
4    10    8    9.97181e+01    8192
4    10    7    9.80090e+01    8192
4    10    6    9.66732e+01    8192
4    10    10    8.37421e+01    8192
4    10    9    7.72269e+01    8192
4    10    1    7.26859e+01    8192
4    10    2    1.01425e+02    16384
4    10    4    1.00272e+02    16384
4    10    7    1.00249e+02    16384
4    10    5    9.68573e+01    16384
4    10    6    9.66343e+01    16384
4    10    3    9.65812e+01    16384
4    10    8    9.29303e+01    16384
4    10    1    8.87862e+01    16384
4    10    10    8.60784e+01    16384
4    10    9    7.61932e+01    16384
4    10    2    1.01462e+02    32768
4    10    3    1.00522e+02    32768
4    10    4    1.00485e+02    32768
4    10    8    9.90386e+01    32768
4    10    7    9.78297e+01    32768
4    10    6    9.64757e+01    32768
4    10    10    8.55619e+01    32768
4    10    1    8.33363e+01    32768
4    10    5    8.31804e+01    32768
4    10    9    7.71285e+01    32768
4    10    6    1.00819e+02    65536
4    10    7    1.00387e+02    65536
4    10    4    9.98706e+01    65536
4    10    5    9.94585e+01    65536
4    10    3    9.90618e+01    65536
4    10    2    9.83287e+01    65536
4    10    8    9.51792e+01    65536
4    10    10    8.26743e+01    65536
4    10    1    8.14434e+01    65536
4    10    9    7.76551e+01    65536
4    10    6    1.01663e+02    131072
4    10    7    1.01462e+02    131072
4    10    2    1.01186e+02    131072
4    10    3    1.00849e+02    131072
4    10    4    1.00718e+02    131072
4    10    5    9.98717e+01    131072
4    10    8    9.14119e+01    131072
4    10    1    8.82773e+01    131072
4    10    10    8.59954e+01    131072
4    10    9    7.32953e+01    131072
