Davismt2.cc: In member function 'int Davismt2::nsols_massless(double)':
Davismt2.cc:297:15: warning: variable 'A0sq' set but not used [-Wunused-but-set-variable]
  long  double A0sq, A1sq, A2sq, A3sq, A4sq;
               ^
Davismt2.cc:297:21: warning: variable 'A1sq' set but not used [-Wunused-but-set-variable]
  long  double A0sq, A1sq, A2sq, A3sq, A4sq;
                     ^
Davismt2.cc:297:27: warning: variable 'A2sq' set but not used [-Wunused-but-set-variable]
  long  double A0sq, A1sq, A2sq, A3sq, A4sq;
                           ^
Davismt2.cc:297:39: warning: variable 'A4sq' set but not used [-Wunused-but-set-variable]
  long  double A0sq, A1sq, A2sq, A3sq, A4sq;
                                       ^
Davismt2.cc: In member function 'int Davismt2::scan_high(double&)':
Davismt2.cc:531:9: warning: variable 'Deltasq_low' set but not used [-Wunused-but-set-variable]
  double Deltasq_low;
         ^
Davismt2.cc: In member function 'int Davismt2::nsols(double)':
Davismt2.cc:598:15: warning: variable 'A0sq' set but not used [-Wunused-but-set-variable]
  long  double A0sq, A1sq, A2sq, A3sq, A4sq;
               ^
Davismt2.cc:598:21: warning: variable 'A1sq' set but not used [-Wunused-but-set-variable]
  long  double A0sq, A1sq, A2sq, A3sq, A4sq;
                     ^
Davismt2.cc:598:27: warning: variable 'A2sq' set but not used [-Wunused-but-set-variable]
  long  double A0sq, A1sq, A2sq, A3sq, A4sq;
                           ^
Davismt2.cc:598:39: warning: variable 'A4sq' set but not used [-Wunused-but-set-variable]
  long  double A0sq, A1sq, A2sq, A3sq, A4sq;
                                       ^
mt2w_bisect.cpp: In member function 'int mt2w_bisect::mt2w::teco(double)':
mt2w_bisect.cpp:314:17: warning: variable 'A0sq' set but not used [-Wunused-but-set-variable]
    long  double A0sq, A1sq, A2sq, A3sq, A4sq;
                 ^
mt2w_bisect.cpp:314:23: warning: variable 'A1sq' set but not used [-Wunused-but-set-variable]
    long  double A0sq, A1sq, A2sq, A3sq, A4sq;
                       ^
mt2w_bisect.cpp:314:29: warning: variable 'A2sq' set but not used [-Wunused-but-set-variable]
    long  double A0sq, A1sq, A2sq, A3sq, A4sq;
                             ^
mt2w_bisect.cpp:314:41: warning: variable 'A4sq' set but not used [-Wunused-but-set-variable]
    long  double A0sq, A1sq, A2sq, A3sq, A4sq;
                                         ^
In file included from looper.C:20:0:
stop_variables/mt2w_bisect.cpp: In member function 'int mt2w_bisect::mt2w::teco(double)':
stop_variables/mt2w_bisect.cpp:314:17: warning: variable 'A0sq' set but not used [-Wunused-but-set-variable]
    long  double A0sq, A1sq, A2sq, A3sq, A4sq;
                 ^
stop_variables/mt2w_bisect.cpp:314:23: warning: variable 'A1sq' set but not used [-Wunused-but-set-variable]
    long  double A0sq, A1sq, A2sq, A3sq, A4sq;
                       ^
stop_variables/mt2w_bisect.cpp:314:29: warning: variable 'A2sq' set but not used [-Wunused-but-set-variable]
    long  double A0sq, A1sq, A2sq, A3sq, A4sq;
                             ^
stop_variables/mt2w_bisect.cpp:314:41: warning: variable 'A4sq' set but not used [-Wunused-but-set-variable]
    long  double A0sq, A1sq, A2sq, A3sq, A4sq;
                                         ^
GenParticleTree.cc: In member function 'void GenParticleTree::FillCommon(int)':
GenParticleTree.cc:90:49: warning: comparison between signed and unsigned integer expressions [-Wsign-compare]
                 if(genps_idx_mother().at(genx2) != genx) continue;
                                                 ^
Warning in <TClass::Init>: no dictionary for class edm::AtomicPtrCache<vector<edm::Ptr<CaloTower> > > is available
Warning in <TTree::Bronch>: Using split mode on a class: TString with a custom Streamer

real	6m53.591s
user	4m35.375s
sys	0m5.374s
